<?xml version="1.0" encoding="UTF-8"?>
<coverage generated="1763376812639" clover="3.2.0">
  <project timestamp="1763376812640" name="All files">
    <metrics statements="120" coveredstatements="85" conditionals="85" coveredconditionals="45" methods="69" coveredmethods="42" elements="274" coveredelements="172" complexity="0" loc="120" ncloc="120" packages="6" files="18" classes="18"/>
    <package name="components">
      <metrics statements="32" coveredstatements="26" conditionals="13" coveredconditionals="10" methods="16" coveredmethods="12"/>
      <file name="TerminalTransfersPage.tsx" path="C:\Users\brend\IOT653U\frontend\components\TerminalTransfersPage.tsx">
        <metrics statements="3" coveredstatements="3" conditionals="0" coveredconditionals="0" methods="2" coveredmethods="2"/>
        <line num="13" count="1" type="stmt"/>
        <line num="18" count="8" type="stmt"/>
        <line num="31" count="1" type="stmt"/>
      </file>
      <file name="TransfersPage.tsx" path="C:\Users\brend\IOT653U\frontend\components\TransfersPage.tsx">
        <metrics statements="29" coveredstatements="23" conditionals="13" coveredconditionals="10" methods="14" coveredmethods="10"/>
        <line num="20" count="2" type="stmt"/>
        <line num="29" count="17" type="stmt"/>
        <line num="47" count="17" type="stmt"/>
        <line num="49" count="17" type="stmt"/>
        <line num="51" count="17" type="cond" truecount="3" falsecount="0"/>
        <line num="52" count="17" type="stmt"/>
        <line num="55" count="17" type="stmt"/>
        <line num="56" count="150" type="stmt"/>
        <line num="57" count="150" type="cond" truecount="1" falsecount="1"/>
        <line num="60" count="17" type="stmt"/>
        <line num="64" count="62" type="stmt"/>
        <line num="68" count="75" type="stmt"/>
        <line num="69" count="75" type="stmt"/>
        <line num="70" count="75" type="stmt"/>
        <line num="74" count="62" type="cond" truecount="1" falsecount="1"/>
        <line num="75" count="62" type="cond" truecount="1" falsecount="1"/>
        <line num="76" count="62" type="stmt"/>
        <line num="80" count="17" type="stmt"/>
        <line num="95" count="0" type="stmt"/>
        <line num="96" count="0" type="stmt"/>
        <line num="104" count="0" type="stmt"/>
        <line num="105" count="0" type="stmt"/>
        <line num="106" count="0" type="stmt"/>
        <line num="114" count="1" type="stmt"/>
        <line num="121" count="0" type="stmt"/>
        <line num="128" count="1" type="stmt"/>
        <line num="143" count="68" type="stmt"/>
        <line num="146" count="3" type="stmt"/>
        <line num="153" count="102" type="stmt"/>
      </file>
    </package>
    <package name="components.layout">
      <metrics statements="6" coveredstatements="3" conditionals="3" coveredconditionals="3" methods="6" coveredmethods="3"/>
      <file name="Header.tsx" path="C:\Users\brend\IOT653U\frontend\components\layout\Header.tsx">
        <metrics statements="5" coveredstatements="2" conditionals="2" coveredconditionals="2" methods="5" coveredmethods="2"/>
        <line num="18" count="25" type="stmt"/>
        <line num="27" count="2" type="stmt"/>
        <line num="40" count="0" type="stmt"/>
        <line num="51" count="0" type="stmt"/>
        <line num="57" count="0" type="stmt"/>
      </file>
      <file name="MainLayout.tsx" path="C:\Users\brend\IOT653U\frontend\components\layout\MainLayout.tsx">
        <metrics statements="1" coveredstatements="1" conditionals="1" coveredconditionals="1" methods="1" coveredmethods="1"/>
        <line num="18" count="25" type="stmt"/>
      </file>
    </package>
    <package name="components.search">
      <metrics statements="12" coveredstatements="5" conditionals="8" coveredconditionals="3" methods="7" coveredmethods="2"/>
      <file name="SearchComponents.tsx" path="C:\Users\brend\IOT653U\frontend\components\search\SearchComponents.tsx">
        <metrics statements="12" coveredstatements="5" conditionals="8" coveredconditionals="3" methods="7" coveredmethods="2"/>
        <line num="13" count="2" type="stmt"/>
        <line num="19" count="17" type="cond" truecount="2" falsecount="2"/>
        <line num="21" count="0" type="stmt"/>
        <line num="22" count="0" type="stmt"/>
        <line num="25" count="0" type="stmt"/>
        <line num="28" count="0" type="stmt"/>
        <line num="31" count="0" type="stmt"/>
        <line num="51" count="2" type="stmt"/>
        <line num="58" count="17" type="stmt"/>
        <line num="64" count="0" type="stmt"/>
        <line num="81" count="2" type="stmt"/>
        <line num="86" count="0" type="stmt"/>
      </file>
    </package>
    <package name="components.transport">
      <metrics statements="46" coveredstatements="30" conditionals="49" coveredconditionals="22" methods="23" coveredmethods="11"/>
      <file name="FilterSidebar.tsx" path="C:\Users\brend\IOT653U\frontend\components\transport\FilterSidebar.tsx">
        <metrics statements="17" coveredstatements="8" conditionals="4" coveredconditionals="0" methods="11" coveredmethods="2"/>
        <line num="30" count="2" type="stmt"/>
        <line num="38" count="17" type="stmt"/>
        <line num="39" count="0" type="stmt"/>
        <line num="48" count="17" type="stmt"/>
        <line num="49" count="0" type="stmt"/>
        <line num="58" count="17" type="stmt"/>
        <line num="59" count="0" type="stmt"/>
        <line num="65" count="17" type="stmt"/>
        <line num="66" count="0" type="stmt"/>
        <line num="72" count="17" type="stmt"/>
        <line num="85" count="68" type="stmt"/>
        <line num="86" count="68" type="stmt"/>
        <line num="92" count="0" type="stmt"/>
        <line num="113" count="0" type="stmt"/>
        <line num="121" count="0" type="stmt"/>
        <line num="177" count="0" type="stmt"/>
        <line num="189" count="0" type="stmt"/>
      </file>
      <file name="MapOverlay.tsx" path="C:\Users\brend\IOT653U\frontend\components\transport\MapOverlay.tsx">
        <metrics statements="5" coveredstatements="2" conditionals="16" coveredconditionals="0" methods="1" coveredmethods="0"/>
        <line num="11" count="2" type="stmt"/>
        <line num="18" count="2" type="stmt"/>
        <line num="26" count="0" type="stmt"/>
        <line num="27" count="0" type="stmt"/>
        <line num="29" count="0" type="stmt"/>
      </file>
      <file name="TransferList.tsx" path="C:\Users\brend\IOT653U\frontend\components\transport\TransferList.tsx">
        <metrics statements="15" coveredstatements="12" conditionals="12" coveredconditionals="6" methods="9" coveredmethods="7"/>
        <line num="20" count="17" type="stmt"/>
        <line num="21" count="17" type="cond" truecount="2" falsecount="0"/>
        <line num="23" count="17" type="stmt"/>
        <line num="27" count="58" type="stmt"/>
        <line num="28" count="52" type="stmt"/>
        <line num="30" count="52" type="stmt"/>
        <line num="31" count="52" type="stmt"/>
        <line num="34" count="52" type="stmt"/>
        <line num="35" count="52" type="stmt"/>
        <line num="38" count="52" type="cond" truecount="3" falsecount="1"/>
        <line num="39" count="0" type="cond" truecount="0" falsecount="2"/>
        <line num="40" count="52" type="cond" truecount="0" falsecount="2"/>
        <line num="43" count="52" type="stmt"/>
        <line num="46" count="0" type="stmt"/>
        <line num="55" count="0" type="stmt"/>
      </file>
      <file name="TransportCard.tsx" path="C:\Users\brend\IOT653U\frontend\components\transport\TransportCard.tsx">
        <metrics statements="9" coveredstatements="8" conditionals="17" coveredconditionals="16" methods="2" coveredmethods="2"/>
        <line num="13" count="2" type="stmt"/>
        <line num="14" count="52" type="cond" truecount="4" falsecount="1"/>
        <line num="15" count="15" type="stmt"/>
        <line num="16" count="15" type="stmt"/>
        <line num="17" count="7" type="stmt"/>
        <line num="18" count="15" type="stmt"/>
        <line num="19" count="0" type="stmt"/>
        <line num="25" count="2" type="stmt"/>
        <line num="26" count="52" type="stmt"/>
      </file>
    </package>
    <package name="components.ui">
      <metrics statements="23" coveredstatements="20" conditionals="12" coveredconditionals="7" methods="16" coveredmethods="13"/>
      <file name="badge.tsx" path="C:\Users\brend\IOT653U\frontend\components\ui\badge.tsx">
        <metrics statements="3" coveredstatements="3" conditionals="3" coveredconditionals="2" methods="1" coveredmethods="1"/>
        <line num="7" count="2" type="stmt"/>
        <line num="35" count="52" type="cond" truecount="1" falsecount="1"/>
        <line num="37" count="52" type="stmt"/>
      </file>
      <file name="button.tsx" path="C:\Users\brend\IOT653U\frontend\components\ui\button.tsx">
        <metrics statements="5" coveredstatements="5" conditionals="3" coveredconditionals="2" methods="1" coveredmethods="1"/>
        <line num="7" count="3" type="stmt"/>
        <line num="37" count="3" type="stmt"/>
        <line num="44" count="280" type="cond" truecount="1" falsecount="1"/>
        <line num="46" count="280" type="stmt"/>
        <line num="56" count="3" type="stmt"/>
      </file>
      <file name="card.tsx" path="C:\Users\brend\IOT653U\frontend\components\ui\card.tsx">
        <metrics statements="7" coveredstatements="4" conditionals="0" coveredconditionals="0" methods="7" coveredmethods="4"/>
        <line num="6" count="69" type="stmt"/>
        <line num="19" count="17" type="stmt"/>
        <line num="32" count="17" type="stmt"/>
        <line num="42" count="0" type="stmt"/>
        <line num="52" count="0" type="stmt"/>
        <line num="65" count="17" type="stmt"/>
        <line num="75" count="0" type="stmt"/>
      </file>
      <file name="checkbox.tsx" path="C:\Users\brend\IOT653U\frontend\components\ui\checkbox.tsx">
        <metrics statements="1" coveredstatements="1" conditionals="0" coveredconditionals="0" methods="1" coveredmethods="1"/>
        <line num="13" count="136" type="stmt"/>
      </file>
      <file name="input.tsx" path="C:\Users\brend\IOT653U\frontend\components\ui\input.tsx">
        <metrics statements="1" coveredstatements="1" conditionals="0" coveredconditionals="0" methods="1" coveredmethods="1"/>
        <line num="6" count="17" type="stmt"/>
      </file>
      <file name="label.tsx" path="C:\Users\brend\IOT653U\frontend\components\ui\label.tsx">
        <metrics statements="1" coveredstatements="1" conditionals="0" coveredconditionals="0" methods="1" coveredmethods="1"/>
        <line num="12" count="221" type="stmt"/>
      </file>
      <file name="slider.tsx" path="C:\Users\brend\IOT653U\frontend\components\ui\slider.tsx">
        <metrics statements="4" coveredstatements="4" conditionals="6" coveredconditionals="3" methods="3" coveredmethods="3"/>
        <line num="16" count="34" type="stmt"/>
        <line num="18" count="34" type="cond" truecount="1" falsecount="1"/>
        <line num="26" count="34" type="stmt"/>
        <line num="53" count="34" type="stmt"/>
      </file>
      <file name="utils.ts" path="C:\Users\brend\IOT653U\frontend\components\ui\utils.ts">
        <metrics statements="1" coveredstatements="1" conditionals="0" coveredconditionals="0" methods="1" coveredmethods="1"/>
        <line num="5" count="928" type="stmt"/>
      </file>
    </package>
    <package name="utils">
      <metrics statements="1" coveredstatements="1" conditionals="0" coveredconditionals="0" methods="1" coveredmethods="1"/>
      <file name="cn.ts" path="C:\Users\brend\IOT653U\frontend\utils\cn.ts">
        <metrics statements="1" coveredstatements="1" conditionals="0" coveredconditionals="0" methods="1" coveredmethods="1"/>
        <line num="5" count="25" type="stmt"/>
      </file>
    </package>
  </project>
</coverage>
