{"C:/Users/brend/IOT653U/frontend/components/TerminalTransfersPage.tsx": {"path":"C:/Users/brend/IOT653U/frontend/components/TerminalTransfersPage.tsx","statementMap":{"0":{"start":{"line":13,"column":68},"end":{"line":95,"column":null}},"1":{"start":{"line":18,"column":2},"end":{"line":93,"column":null}},"2":{"start":{"line":31,"column":31},"end":{"line":31,"column":null}}},"fnMap":{"0":{"name":"(anonymous_0)","decl":{"start":{"line":13,"column":68},"end":{"line":13,"column":69}},"loc":{"start":{"line":17,"column":6},"end":{"line":95,"column":null}}},"1":{"name":"(anonymous_1)","decl":{"start":{"line":31,"column":25},"end":{"line":31,"column":31}},"loc":{"start":{"line":31,"column":31},"end":{"line":31,"column":null}}}},"branchMap":{},"s":{"0":1,"1":8,"2":1},"f":{"0":8,"1":1},"b":{}}
,"C:/Users/brend/IOT653U/frontend/components/TransfersPage.tsx": {"path":"C:/Users/brend/IOT653U/frontend/components/TransfersPage.tsx","statementMap":{"0":{"start":{"line":20,"column":22},"end":{"line":199,"column":null}},"1":{"start":{"line":29,"column":32},"end":{"line":45,"column":null}},"2":{"start":{"line":47,"column":19},"end":{"line":47,"column":null}},"3":{"start":{"line":49,"column":36},"end":{"line":49,"column":null}},"4":{"start":{"line":51,"column":40},"end":{"line":51,"column":null}},"5":{"start":{"line":52,"column":42},"end":{"line":52,"column":null}},"6":{"start":{"line":55,"column":31},"end":{"line":58,"column":null}},"7":{"start":{"line":56,"column":18},"end":{"line":56,"column":null}},"8":{"start":{"line":57,"column":4},"end":{"line":57,"column":null}},"9":{"start":{"line":60,"column":27},"end":{"line":78,"column":null}},"10":{"start":{"line":64,"column":6},"end":{"line":64,"column":null}},"11":{"start":{"line":68,"column":24},"end":{"line":68,"column":null}},"12":{"start":{"line":69,"column":24},"end":{"line":69,"column":null}},"13":{"start":{"line":70,"column":6},"end":{"line":70,"column":null}},"14":{"start":{"line":74,"column":19},"end":{"line":74,"column":null}},"15":{"start":{"line":75,"column":19},"end":{"line":75,"column":null}},"16":{"start":{"line":76,"column":6},"end":{"line":76,"column":null}},"17":{"start":{"line":80,"column":2},"end":{"line":197,"column":null}},"18":{"start":{"line":95,"column":33},"end":{"line":95,"column":null}},"19":{"start":{"line":96,"column":32},"end":{"line":96,"column":null}},"20":{"start":{"line":104,"column":20},"end":{"line":104,"column":null}},"21":{"start":{"line":105,"column":20},"end":{"line":105,"column":null}},"22":{"start":{"line":106,"column":20},"end":{"line":106,"column":null}},"23":{"start":{"line":114,"column":31},"end":{"line":114,"column":null}},"24":{"start":{"line":121,"column":31},"end":{"line":121,"column":null}},"25":{"start":{"line":128,"column":31},"end":{"line":128,"column":null}},"26":{"start":{"line":143,"column":14},"end":{"line":155,"column":null}},"27":{"start":{"line":146,"column":31},"end":{"line":146,"column":null}},"28":{"start":{"line":153,"column":44},"end":{"line":153,"column":88}}},"fnMap":{"0":{"name":"(anonymous_0)","decl":{"start":{"line":20,"column":22},"end":{"line":20,"column":23}},"loc":{"start":{"line":28,"column":26},"end":{"line":199,"column":null}}},"1":{"name":"(anonymous_1)","decl":{"start":{"line":55,"column":31},"end":{"line":55,"column":32}},"loc":{"start":{"line":55,"column":61},"end":{"line":58,"column":null}}},"2":{"name":"(anonymous_2)","decl":{"start":{"line":62,"column":41},"end":{"line":62,"column":42}},"loc":{"start":{"line":62,"column":51},"end":{"line":65,"column":5}}},"3":{"name":"(anonymous_3)","decl":{"start":{"line":66,"column":40},"end":{"line":66,"column":41}},"loc":{"start":{"line":66,"column":50},"end":{"line":71,"column":5}}},"4":{"name":"(anonymous_4)","decl":{"start":{"line":72,"column":47},"end":{"line":72,"column":48}},"loc":{"start":{"line":72,"column":57},"end":{"line":77,"column":5}}},"5":{"name":"(anonymous_5)","decl":{"start":{"line":95,"column":27},"end":{"line":95,"column":33}},"loc":{"start":{"line":95,"column":33},"end":{"line":95,"column":null}}},"6":{"name":"(anonymous_6)","decl":{"start":{"line":96,"column":26},"end":{"line":96,"column":32}},"loc":{"start":{"line":96,"column":32},"end":{"line":96,"column":null}}},"7":{"name":"(anonymous_7)","decl":{"start":{"line":103,"column":28},"end":{"line":103,"column":29}},"loc":{"start":{"line":103,"column":41},"end":{"line":107,"column":null}}},"8":{"name":"(anonymous_8)","decl":{"start":{"line":114,"column":25},"end":{"line":114,"column":31}},"loc":{"start":{"line":114,"column":31},"end":{"line":114,"column":null}}},"9":{"name":"(anonymous_9)","decl":{"start":{"line":121,"column":25},"end":{"line":121,"column":31}},"loc":{"start":{"line":121,"column":31},"end":{"line":121,"column":null}}},"10":{"name":"(anonymous_10)","decl":{"start":{"line":128,"column":25},"end":{"line":128,"column":31}},"loc":{"start":{"line":128,"column":31},"end":{"line":128,"column":null}}},"11":{"name":"(anonymous_11)","decl":{"start":{"line":142,"column":73},"end":{"line":142,"column":74}},"loc":{"start":{"line":143,"column":14},"end":{"line":155,"column":null}}},"12":{"name":"(anonymous_12)","decl":{"start":{"line":146,"column":25},"end":{"line":146,"column":31}},"loc":{"start":{"line":146,"column":31},"end":{"line":146,"column":null}}},"13":{"name":"(anonymous_13)","decl":{"start":{"line":153,"column":36},"end":{"line":153,"column":44}},"loc":{"start":{"line":153,"column":44},"end":{"line":153,"column":88}}}},"branchMap":{"0":{"loc":{"start":{"line":51,"column":49},"end":{"line":51,"column":92}},"type":"binary-expr","locations":[{"start":{"line":51,"column":49},"end":{"line":51,"column":68}},{"start":{"line":51,"column":68},"end":{"line":51,"column":90}},{"start":{"line":51,"column":90},"end":{"line":51,"column":92}}]},"1":{"loc":{"start":{"line":57,"column":11},"end":{"line":57,"column":null}},"type":"cond-expr","locations":[{"start":{"line":57,"column":19},"end":{"line":57,"column":40}},{"start":{"line":57,"column":40},"end":{"line":57,"column":null}}]},"2":{"loc":{"start":{"line":74,"column":19},"end":{"line":74,"column":null}},"type":"cond-expr","locations":[{"start":{"line":74,"column":47},"end":{"line":74,"column":55}},{"start":{"line":74,"column":55},"end":{"line":74,"column":null}}]},"3":{"loc":{"start":{"line":75,"column":19},"end":{"line":75,"column":null}},"type":"cond-expr","locations":[{"start":{"line":75,"column":47},"end":{"line":75,"column":55}},{"start":{"line":75,"column":55},"end":{"line":75,"column":null}}]},"4":{"loc":{"start":{"line":145,"column":25},"end":{"line":145,"column":null}},"type":"cond-expr","locations":[{"start":{"line":145,"column":45},"end":{"line":145,"column":57}},{"start":{"line":145,"column":57},"end":{"line":145,"column":null}}]},"5":{"loc":{"start":{"line":148,"column":18},"end":{"line":150,"column":null}},"type":"cond-expr","locations":[{"start":{"line":149,"column":22},"end":{"line":149,"column":null}},{"start":{"line":150,"column":22},"end":{"line":150,"column":null}}]}},"s":{"0":2,"1":17,"2":17,"3":17,"4":17,"5":17,"6":17,"7":150,"8":150,"9":17,"10":62,"11":75,"12":75,"13":75,"14":62,"15":62,"16":62,"17":17,"18":0,"19":0,"20":0,"21":0,"22":0,"23":1,"24":0,"25":1,"26":68,"27":3,"28":102},"f":{"0":17,"1":150,"2":62,"3":75,"4":62,"5":0,"6":0,"7":0,"8":1,"9":0,"10":1,"11":68,"12":3,"13":102},"b":{"0":[17,2,1],"1":[150,0],"2":[62,0],"3":[62,0],"4":[17,51],"5":[17,51]}}
,"C:/Users/brend/IOT653U/frontend/components/layout/Header.tsx": {"path":"C:/Users/brend/IOT653U/frontend/components/layout/Header.tsx","statementMap":{"0":{"start":{"line":18,"column":2},"end":{"line":66,"column":null}},"1":{"start":{"line":27,"column":29},"end":{"line":27,"column":null}},"2":{"start":{"line":40,"column":31},"end":{"line":40,"column":null}},"3":{"start":{"line":51,"column":33},"end":{"line":51,"column":null}},"4":{"start":{"line":57,"column":33},"end":{"line":57,"column":null}}},"fnMap":{"0":{"name":"Header","decl":{"start":{"line":13,"column":16},"end":{"line":13,"column":23}},"loc":{"start":{"line":17,"column":27},"end":{"line":68,"column":null}}},"1":{"name":"(anonymous_1)","decl":{"start":{"line":27,"column":23},"end":{"line":27,"column":29}},"loc":{"start":{"line":27,"column":29},"end":{"line":27,"column":null}}},"2":{"name":"(anonymous_2)","decl":{"start":{"line":40,"column":25},"end":{"line":40,"column":31}},"loc":{"start":{"line":40,"column":31},"end":{"line":40,"column":null}}},"3":{"name":"(anonymous_3)","decl":{"start":{"line":51,"column":27},"end":{"line":51,"column":33}},"loc":{"start":{"line":51,"column":33},"end":{"line":51,"column":null}}},"4":{"name":"(anonymous_4)","decl":{"start":{"line":57,"column":27},"end":{"line":57,"column":33}},"loc":{"start":{"line":57,"column":33},"end":{"line":57,"column":null}}}},"branchMap":{"0":{"loc":{"start":{"line":37,"column":13},"end":{"line":61,"column":null}},"type":"cond-expr","locations":[{"start":{"line":38,"column":14},"end":{"line":45,"column":null}},{"start":{"line":47,"column":14},"end":{"line":61,"column":null}}]}},"s":{"0":25,"1":2,"2":0,"3":0,"4":0},"f":{"0":25,"1":2,"2":0,"3":0,"4":0},"b":{"0":[1,24]}}
,"C:/Users/brend/IOT653U/frontend/components/layout/MainLayout.tsx": {"path":"C:/Users/brend/IOT653U/frontend/components/layout/MainLayout.tsx","statementMap":{"0":{"start":{"line":18,"column":2},"end":{"line":27,"column":null}}},"fnMap":{"0":{"name":"MainLayout","decl":{"start":{"line":12,"column":16},"end":{"line":12,"column":27}},"loc":{"start":{"line":17,"column":20},"end":{"line":29,"column":null}}}},"branchMap":{"0":{"loc":{"start":{"line":14,"column":2},"end":{"line":14,"column":null}},"type":"default-arg","locations":[{"start":{"line":14,"column":14},"end":{"line":14,"column":null}}]}},"s":{"0":25},"f":{"0":25},"b":{"0":[0]}}
,"C:/Users/brend/IOT653U/frontend/components/search/SearchComponents.tsx": {"path":"C:/Users/brend/IOT653U/frontend/components/search/SearchComponents.tsx","statementMap":{"0":{"start":{"line":13,"column":63},"end":{"line":41,"column":null}},"1":{"start":{"line":19,"column":2},"end":{"line":19,"column":null}},"2":{"start":{"line":19,"column":37},"end":{"line":19,"column":null}},"3":{"start":{"line":21,"column":27},"end":{"line":23,"column":null}},"4":{"start":{"line":22,"column":4},"end":{"line":22,"column":null}},"5":{"start":{"line":25,"column":2},"end":{"line":39,"column":null}},"6":{"start":{"line":28,"column":8},"end":{"line":37,"column":null}},"7":{"start":{"line":31,"column":25},"end":{"line":31,"column":null}},"8":{"start":{"line":51,"column":51},"end":{"line":73,"column":null}},"9":{"start":{"line":58,"column":2},"end":{"line":71,"column":null}},"10":{"start":{"line":64,"column":27},"end":{"line":64,"column":null}},"11":{"start":{"line":81,"column":57},"end":{"line":96,"column":null}},"12":{"start":{"line":86,"column":2},"end":{"line":94,"column":null}}},"fnMap":{"0":{"name":"(anonymous_0)","decl":{"start":{"line":13,"column":63},"end":{"line":13,"column":64}},"loc":{"start":{"line":18,"column":6},"end":{"line":41,"column":null}}},"1":{"name":"(anonymous_1)","decl":{"start":{"line":21,"column":43},"end":{"line":21,"column":null}},"loc":{"start":{"line":22,"column":4},"end":{"line":22,"column":null}}},"2":{"name":"(anonymous_2)","decl":{"start":{"line":27,"column":28},"end":{"line":27,"column":29}},"loc":{"start":{"line":28,"column":8},"end":{"line":37,"column":null}}},"3":{"name":"(anonymous_3)","decl":{"start":{"line":31,"column":19},"end":{"line":31,"column":25}},"loc":{"start":{"line":31,"column":25},"end":{"line":31,"column":null}}},"4":{"name":"(anonymous_4)","decl":{"start":{"line":51,"column":51},"end":{"line":51,"column":52}},"loc":{"start":{"line":57,"column":6},"end":{"line":73,"column":null}}},"5":{"name":"(anonymous_5)","decl":{"start":{"line":64,"column":20},"end":{"line":64,"column":21}},"loc":{"start":{"line":64,"column":27},"end":{"line":64,"column":null}}},"6":{"name":"(anonymous_6)","decl":{"start":{"line":81,"column":57},"end":{"line":81,"column":58}},"loc":{"start":{"line":85,"column":6},"end":{"line":96,"column":null}}}},"branchMap":{"0":{"loc":{"start":{"line":19,"column":2},"end":{"line":19,"column":null}},"type":"if","locations":[{"start":{"line":19,"column":2},"end":{"line":19,"column":null}},{"start":{},"end":{}}]},"1":{"loc":{"start":{"line":19,"column":6},"end":{"line":19,"column":37}},"type":"binary-expr","locations":[{"start":{"line":19,"column":6},"end":{"line":19,"column":23}},{"start":{"line":19,"column":23},"end":{"line":19,"column":37}}]},"2":{"loc":{"start":{"line":59,"column":32},"end":{"line":59,"column":47}},"type":"binary-expr","locations":[{"start":{"line":59,"column":32},"end":{"line":59,"column":45}},{"start":{"line":59,"column":45},"end":{"line":59,"column":47}}]},"3":{"loc":{"start":{"line":88,"column":84},"end":{"line":88,"column":99}},"type":"binary-expr","locations":[{"start":{"line":88,"column":84},"end":{"line":88,"column":97}},{"start":{"line":88,"column":97},"end":{"line":88,"column":99}}]}},"s":{"0":2,"1":17,"2":17,"3":0,"4":0,"5":0,"6":0,"7":0,"8":2,"9":17,"10":0,"11":2,"12":0},"f":{"0":17,"1":0,"2":0,"3":0,"4":17,"5":0,"6":0},"b":{"0":[17,0],"1":[17,0],"2":[17,0],"3":[0,0]}}
,"C:/Users/brend/IOT653U/frontend/components/transport/FilterSidebar.tsx": {"path":"C:/Users/brend/IOT653U/frontend/components/transport/FilterSidebar.tsx","statementMap":{"0":{"start":{"line":30,"column":27},"end":{"line":35,"column":null}},"1":{"start":{"line":38,"column":30},"end":{"line":46,"column":null}},"2":{"start":{"line":39,"column":4},"end":{"line":45,"column":null}},"3":{"start":{"line":48,"column":22},"end":{"line":56,"column":null}},"4":{"start":{"line":49,"column":4},"end":{"line":55,"column":null}},"5":{"start":{"line":58,"column":24},"end":{"line":63,"column":null}},"6":{"start":{"line":59,"column":4},"end":{"line":62,"column":null}},"7":{"start":{"line":65,"column":25},"end":{"line":70,"column":null}},"8":{"start":{"line":66,"column":4},"end":{"line":69,"column":null}},"9":{"start":{"line":72,"column":2},"end":{"line":197,"column":null}},"10":{"start":{"line":85,"column":27},"end":{"line":85,"column":null}},"11":{"start":{"line":86,"column":14},"end":{"line":99,"column":null}},"12":{"start":{"line":92,"column":22},"end":{"line":92,"column":null}},"13":{"start":{"line":113,"column":48},"end":{"line":113,"column":null}},"14":{"start":{"line":121,"column":48},"end":{"line":121,"column":null}},"15":{"start":{"line":177,"column":18},"end":{"line":177,"column":null}},"16":{"start":{"line":189,"column":18},"end":{"line":189,"column":null}}},"fnMap":{"0":{"name":"FilterSidebar","decl":{"start":{"line":37,"column":16},"end":{"line":37,"column":30}},"loc":{"start":{"line":37,"column":80},"end":{"line":199,"column":null}}},"1":{"name":"(anonymous_1)","decl":{"start":{"line":38,"column":30},"end":{"line":38,"column":31}},"loc":{"start":{"line":38,"column":95},"end":{"line":46,"column":null}}},"2":{"name":"(anonymous_2)","decl":{"start":{"line":48,"column":22},"end":{"line":48,"column":23}},"loc":{"start":{"line":48,"column":78},"end":{"line":56,"column":null}}},"3":{"name":"(anonymous_3)","decl":{"start":{"line":58,"column":24},"end":{"line":58,"column":25}},"loc":{"start":{"line":58,"column":45},"end":{"line":63,"column":null}}},"4":{"name":"(anonymous_4)","decl":{"start":{"line":65,"column":25},"end":{"line":65,"column":26}},"loc":{"start":{"line":65,"column":46},"end":{"line":70,"column":null}}},"5":{"name":"(anonymous_5)","decl":{"start":{"line":84,"column":56},"end":{"line":84,"column":57}},"loc":{"start":{"line":84,"column":77},"end":{"line":101,"column":13}}},"6":{"name":"(anonymous_6)","decl":{"start":{"line":91,"column":37},"end":{"line":91,"column":38}},"loc":{"start":{"line":92,"column":22},"end":{"line":92,"column":null}}},"7":{"name":"(anonymous_7)","decl":{"start":{"line":113,"column":33},"end":{"line":113,"column":34}},"loc":{"start":{"line":113,"column":48},"end":{"line":113,"column":null}}},"8":{"name":"(anonymous_8)","decl":{"start":{"line":121,"column":33},"end":{"line":121,"column":34}},"loc":{"start":{"line":121,"column":48},"end":{"line":121,"column":null}}},"9":{"name":"(anonymous_9)","decl":{"start":{"line":176,"column":33},"end":{"line":176,"column":34}},"loc":{"start":{"line":177,"column":18},"end":{"line":177,"column":null}}},"10":{"name":"(anonymous_10)","decl":{"start":{"line":188,"column":33},"end":{"line":188,"column":34}},"loc":{"start":{"line":189,"column":18},"end":{"line":189,"column":null}}}},"branchMap":{"0":{"loc":{"start":{"line":61,"column":15},"end":{"line":61,"column":null}},"type":"binary-expr","locations":[{"start":{"line":61,"column":15},"end":{"line":61,"column":27}},{"start":{"line":61,"column":27},"end":{"line":61,"column":null}}]},"1":{"loc":{"start":{"line":68,"column":16},"end":{"line":68,"column":null}},"type":"binary-expr","locations":[{"start":{"line":68,"column":16},"end":{"line":68,"column":28}},{"start":{"line":68,"column":28},"end":{"line":68,"column":null}}]}},"s":{"0":2,"1":17,"2":0,"3":17,"4":0,"5":17,"6":0,"7":17,"8":0,"9":17,"10":68,"11":68,"12":0,"13":0,"14":0,"15":0,"16":0},"f":{"0":17,"1":0,"2":0,"3":0,"4":0,"5":68,"6":0,"7":0,"8":0,"9":0,"10":0},"b":{"0":[0,0],"1":[0,0]}}
,"C:/Users/brend/IOT653U/frontend/components/transport/MapOverlay.tsx": {"path":"C:/Users/brend/IOT653U/frontend/components/transport/MapOverlay.tsx","statementMap":{"0":{"start":{"line":11,"column":27},"end":{"line":16,"column":null}},"1":{"start":{"line":18,"column":20},"end":{"line":23,"column":null}},"2":{"start":{"line":26,"column":15},"end":{"line":26,"column":null}},"3":{"start":{"line":27,"column":21},"end":{"line":27,"column":null}},"4":{"start":{"line":29,"column":2},"end":{"line":177,"column":null}}},"fnMap":{"0":{"name":"MapOverlay","decl":{"start":{"line":25,"column":16},"end":{"line":25,"column":27}},"loc":{"start":{"line":25,"column":68},"end":{"line":179,"column":null}}}},"branchMap":{"0":{"loc":{"start":{"line":79,"column":35},"end":{"line":79,"column":null}},"type":"cond-expr","locations":[{"start":{"line":79,"column":64},"end":{"line":79,"column":70}},{"start":{"line":79,"column":70},"end":{"line":79,"column":null}}]},"1":{"loc":{"start":{"line":85,"column":19},"end":{"line":87,"column":null}},"type":"cond-expr","locations":[{"start":{"line":85,"column":47},"end":{"line":85,"column":null}},{"start":{"line":86,"column":19},"end":{"line":87,"column":null}}]},"2":{"loc":{"start":{"line":86,"column":19},"end":{"line":87,"column":null}},"type":"cond-expr","locations":[{"start":{"line":86,"column":46},"end":{"line":86,"column":null}},{"start":{"line":87,"column":19},"end":{"line":87,"column":null}}]},"3":{"loc":{"start":{"line":87,"column":19},"end":{"line":87,"column":null}},"type":"cond-expr","locations":[{"start":{"line":87,"column":48},"end":{"line":87,"column":55}},{"start":{"line":87,"column":55},"end":{"line":87,"column":null}}]},"4":{"loc":{"start":{"line":141,"column":17},"end":{"line":145,"column":null}},"type":"binary-expr","locations":[{"start":{"line":141,"column":17},"end":{"line":141,"column":null}},{"start":{"line":142,"column":18},"end":{"line":145,"column":null}}]},"5":{"loc":{"start":{"line":152,"column":21},"end":{"line":153,"column":null}},"type":"binary-expr","locations":[{"start":{"line":152,"column":21},"end":{"line":152,"column":null}},{"start":{"line":153,"column":22},"end":{"line":153,"column":null}}]},"6":{"loc":{"start":{"line":155,"column":21},"end":{"line":156,"column":null}},"type":"binary-expr","locations":[{"start":{"line":155,"column":21},"end":{"line":155,"column":null}},{"start":{"line":156,"column":22},"end":{"line":156,"column":null}}]},"7":{"loc":{"start":{"line":158,"column":21},"end":{"line":159,"column":null}},"type":"binary-expr","locations":[{"start":{"line":158,"column":21},"end":{"line":158,"column":null}},{"start":{"line":159,"column":22},"end":{"line":159,"column":null}}]}},"s":{"0":2,"1":2,"2":0,"3":0,"4":0},"f":{"0":0},"b":{"0":[0,0],"1":[0,0],"2":[0,0],"3":[0,0],"4":[0,0],"5":[0,0],"6":[0,0],"7":[0,0]}}
,"C:/Users/brend/IOT653U/frontend/components/transport/TransferList.tsx": {"path":"C:/Users/brend/IOT653U/frontend/components/transport/TransferList.tsx","statementMap":{"0":{"start":{"line":20,"column":50},"end":{"line":20,"column":null}},"1":{"start":{"line":21,"column":22},"end":{"line":21,"column":null}},"2":{"start":{"line":23,"column":2},"end":{"line":58,"column":null}},"3":{"start":{"line":27,"column":23},"end":{"line":27,"column":48}},"4":{"start":{"line":28,"column":23},"end":{"line":28,"column":92}},"5":{"start":{"line":30,"column":26},"end":{"line":30,"column":null}},"6":{"start":{"line":31,"column":12},"end":{"line":31,"column":null}},"7":{"start":{"line":34,"column":28},"end":{"line":34,"column":null}},"8":{"start":{"line":35,"column":12},"end":{"line":35,"column":null}},"9":{"start":{"line":38,"column":12},"end":{"line":38,"column":null}},"10":{"start":{"line":38,"column":67},"end":{"line":38,"column":null}},"11":{"start":{"line":39,"column":29},"end":{"line":39,"column":null}},"12":{"start":{"line":40,"column":12},"end":{"line":40,"column":null}},"13":{"start":{"line":43,"column":12},"end":{"line":47,"column":null}},"14":{"start":{"line":46,"column":31},"end":{"line":46,"column":null}},"15":{"start":{"line":55,"column":25},"end":{"line":55,"column":null}}},"fnMap":{"0":{"name":"TransferList","decl":{"start":{"line":14,"column":16},"end":{"line":14,"column":29}},"loc":{"start":{"line":19,"column":22},"end":{"line":60,"column":null}}},"1":{"name":"(anonymous_1)","decl":{"start":{"line":27,"column":18},"end":{"line":27,"column":23}},"loc":{"start":{"line":27,"column":23},"end":{"line":27,"column":48}}},"2":{"name":"(anonymous_2)","decl":{"start":{"line":28,"column":18},"end":{"line":28,"column":23}},"loc":{"start":{"line":28,"column":23},"end":{"line":28,"column":92}}},"3":{"name":"(anonymous_3)","decl":{"start":{"line":29,"column":18},"end":{"line":29,"column":23}},"loc":{"start":{"line":29,"column":23},"end":{"line":32,"column":11}}},"4":{"name":"(anonymous_4)","decl":{"start":{"line":33,"column":18},"end":{"line":33,"column":23}},"loc":{"start":{"line":33,"column":23},"end":{"line":36,"column":11}}},"5":{"name":"(anonymous_5)","decl":{"start":{"line":37,"column":18},"end":{"line":37,"column":23}},"loc":{"start":{"line":37,"column":23},"end":{"line":41,"column":11}}},"6":{"name":"(anonymous_6)","decl":{"start":{"line":42,"column":15},"end":{"line":42,"column":16}},"loc":{"start":{"line":43,"column":12},"end":{"line":47,"column":null}}},"7":{"name":"(anonymous_7)","decl":{"start":{"line":46,"column":25},"end":{"line":46,"column":31}},"loc":{"start":{"line":46,"column":31},"end":{"line":46,"column":null}}},"8":{"name":"(anonymous_8)","decl":{"start":{"line":55,"column":19},"end":{"line":55,"column":25}},"loc":{"start":{"line":55,"column":25},"end":{"line":55,"column":null}}}},"branchMap":{"0":{"loc":{"start":{"line":21,"column":22},"end":{"line":21,"column":null}},"type":"binary-expr","locations":[{"start":{"line":21,"column":22},"end":{"line":21,"column":67}},{"start":{"line":21,"column":67},"end":{"line":21,"column":null}}]},"1":{"loc":{"start":{"line":38,"column":12},"end":{"line":38,"column":null}},"type":"if","locations":[{"start":{"line":38,"column":12},"end":{"line":38,"column":null}},{"start":{},"end":{}}]},"2":{"loc":{"start":{"line":38,"column":16},"end":{"line":38,"column":67}},"type":"binary-expr","locations":[{"start":{"line":38,"column":16},"end":{"line":38,"column":41}},{"start":{"line":38,"column":41},"end":{"line":38,"column":67}}]},"3":{"loc":{"start":{"line":39,"column":29},"end":{"line":39,"column":null}},"type":"binary-expr","locations":[{"start":{"line":39,"column":29},"end":{"line":39,"column":40}},{"start":{"line":39,"column":40},"end":{"line":39,"column":null}}]},"4":{"loc":{"start":{"line":40,"column":19},"end":{"line":40,"column":null}},"type":"cond-expr","locations":[{"start":{"line":40,"column":42},"end":{"line":40,"column":54}},{"start":{"line":40,"column":54},"end":{"line":40,"column":null}}]},"5":{"loc":{"start":{"line":52,"column":7},"end":{"line":56,"column":null}},"type":"binary-expr","locations":[{"start":{"line":52,"column":7},"end":{"line":52,"column":null}},{"start":{"line":53,"column":8},"end":{"line":56,"column":null}}]}},"s":{"0":17,"1":17,"2":17,"3":58,"4":52,"5":52,"6":52,"7":52,"8":52,"9":52,"10":52,"11":0,"12":0,"13":52,"14":0,"15":0},"f":{"0":17,"1":58,"2":52,"3":52,"4":52,"5":52,"6":52,"7":0,"8":0},"b":{"0":[17,2],"1":[52,0],"2":[52,52],"3":[0,0],"4":[0,0],"5":[17,0]}}
,"C:/Users/brend/IOT653U/frontend/components/transport/TransportCard.tsx": {"path":"C:/Users/brend/IOT653U/frontend/components/transport/TransportCard.tsx","statementMap":{"0":{"start":{"line":13,"column":25},"end":{"line":21,"column":null}},"1":{"start":{"line":14,"column":2},"end":{"line":20,"column":null}},"2":{"start":{"line":15,"column":18},"end":{"line":15,"column":null}},"3":{"start":{"line":16,"column":16},"end":{"line":16,"column":null}},"4":{"start":{"line":17,"column":17},"end":{"line":17,"column":null}},"5":{"start":{"line":18,"column":19},"end":{"line":18,"column":null}},"6":{"start":{"line":19,"column":13},"end":{"line":19,"column":null}},"7":{"start":{"line":25,"column":59},"end":{"line":96,"column":null}},"8":{"start":{"line":26,"column":2},"end":{"line":94,"column":null}}},"fnMap":{"0":{"name":"(anonymous_0)","decl":{"start":{"line":13,"column":25},"end":{"line":13,"column":26}},"loc":{"start":{"line":13,"column":50},"end":{"line":21,"column":null}}},"1":{"name":"(anonymous_1)","decl":{"start":{"line":25,"column":59},"end":{"line":25,"column":60}},"loc":{"start":{"line":25,"column":89},"end":{"line":96,"column":null}}}},"branchMap":{"0":{"loc":{"start":{"line":14,"column":2},"end":{"line":20,"column":null}},"type":"switch","locations":[{"start":{"line":15,"column":4},"end":{"line":15,"column":null}},{"start":{"line":16,"column":4},"end":{"line":16,"column":null}},{"start":{"line":17,"column":4},"end":{"line":17,"column":null}},{"start":{"line":18,"column":4},"end":{"line":18,"column":null}},{"start":{"line":19,"column":4},"end":{"line":19,"column":null}}]},"1":{"loc":{"start":{"line":36,"column":15},"end":{"line":39,"column":null}},"type":"binary-expr","locations":[{"start":{"line":36,"column":15},"end":{"line":36,"column":null}},{"start":{"line":37,"column":16},"end":{"line":39,"column":null}}]},"2":{"loc":{"start":{"line":41,"column":15},"end":{"line":44,"column":null}},"type":"binary-expr","locations":[{"start":{"line":41,"column":15},"end":{"line":41,"column":null}},{"start":{"line":42,"column":16},"end":{"line":44,"column":null}}]},"3":{"loc":{"start":{"line":46,"column":15},"end":{"line":49,"column":null}},"type":"binary-expr","locations":[{"start":{"line":46,"column":15},"end":{"line":46,"column":null}},{"start":{"line":47,"column":16},"end":{"line":49,"column":null}}]},"4":{"loc":{"start":{"line":59,"column":15},"end":{"line":63,"column":null}},"type":"binary-expr","locations":[{"start":{"line":59,"column":15},"end":{"line":59,"column":null}},{"start":{"line":60,"column":16},"end":{"line":63,"column":null}}]},"5":{"loc":{"start":{"line":60,"column":54},"end":{"line":60,"column":106}},"type":"cond-expr","locations":[{"start":{"line":60,"column":72},"end":{"line":60,"column":91}},{"start":{"line":60,"column":91},"end":{"line":60,"column":106}}]},"6":{"loc":{"start":{"line":71,"column":13},"end":{"line":71,"column":null}},"type":"cond-expr","locations":[{"start":{"line":71,"column":37},"end":{"line":71,"column":46}},{"start":{"line":71,"column":46},"end":{"line":71,"column":null}}]}},"s":{"0":2,"1":52,"2":15,"3":15,"4":7,"5":15,"6":0,"7":2,"8":52},"f":{"0":52,"1":52},"b":{"0":[15,15,7,15,0],"1":[52,22],"2":[52,15],"3":[52,15],"4":[52,52],"5":[22,30],"6":[8,44]}}
,"C:/Users/brend/IOT653U/frontend/components/ui/badge.tsx": {"path":"C:/Users/brend/IOT653U/frontend/components/ui/badge.tsx","statementMap":{"0":{"start":{"line":7,"column":22},"end":{"line":26,"column":null}},"1":{"start":{"line":35,"column":15},"end":{"line":35,"column":null}},"2":{"start":{"line":37,"column":2},"end":{"line":42,"column":null}}},"fnMap":{"0":{"name":"Badge","decl":{"start":{"line":28,"column":9},"end":{"line":28,"column":15}},"loc":{"start":{"line":34,"column":62},"end":{"line":44,"column":null}}}},"branchMap":{"0":{"loc":{"start":{"line":31,"column":2},"end":{"line":31,"column":null}},"type":"default-arg","locations":[{"start":{"line":31,"column":12},"end":{"line":31,"column":null}}]},"1":{"loc":{"start":{"line":35,"column":15},"end":{"line":35,"column":null}},"type":"cond-expr","locations":[{"start":{"line":35,"column":25},"end":{"line":35,"column":32}},{"start":{"line":35,"column":32},"end":{"line":35,"column":null}}]}},"s":{"0":2,"1":52,"2":52},"f":{"0":52},"b":{"0":[52],"1":[0,52]}}
,"C:/Users/brend/IOT653U/frontend/components/ui/button.tsx": {"path":"C:/Users/brend/IOT653U/frontend/components/ui/button.tsx","statementMap":{"0":{"start":{"line":7,"column":23},"end":{"line":35,"column":null}},"1":{"start":{"line":37,"column":15},"end":{"line":54,"column":null}},"2":{"start":{"line":44,"column":15},"end":{"line":44,"column":null}},"3":{"start":{"line":46,"column":2},"end":{"line":52,"column":null}},"4":{"start":{"line":56,"column":0},"end":{"line":56,"column":null}}},"fnMap":{"0":{"name":"(anonymous_0)","decl":{"start":{"line":43,"column":2},"end":{"line":43,"column":3}},"loc":{"start":{"line":43,"column":68},"end":{"line":54,"column":1}}}},"branchMap":{"0":{"loc":{"start":{"line":43,"column":31},"end":{"line":43,"column":48}},"type":"default-arg","locations":[{"start":{"line":43,"column":41},"end":{"line":43,"column":48}}]},"1":{"loc":{"start":{"line":44,"column":15},"end":{"line":44,"column":null}},"type":"cond-expr","locations":[{"start":{"line":44,"column":25},"end":{"line":44,"column":32}},{"start":{"line":44,"column":32},"end":{"line":44,"column":null}}]}},"s":{"0":3,"1":3,"2":280,"3":280,"4":3},"f":{"0":280},"b":{"0":[280],"1":[0,280]}}
,"C:/Users/brend/IOT653U/frontend/components/ui/card.tsx": {"path":"C:/Users/brend/IOT653U/frontend/components/ui/card.tsx","statementMap":{"0":{"start":{"line":6,"column":2},"end":{"line":14,"column":null}},"1":{"start":{"line":19,"column":2},"end":{"line":27,"column":null}},"2":{"start":{"line":32,"column":2},"end":{"line":37,"column":null}},"3":{"start":{"line":42,"column":2},"end":{"line":47,"column":null}},"4":{"start":{"line":52,"column":2},"end":{"line":60,"column":null}},"5":{"start":{"line":65,"column":2},"end":{"line":70,"column":null}},"6":{"start":{"line":75,"column":2},"end":{"line":80,"column":null}}},"fnMap":{"0":{"name":"Card","decl":{"start":{"line":5,"column":9},"end":{"line":5,"column":14}},"loc":{"start":{"line":5,"column":68},"end":{"line":16,"column":null}}},"1":{"name":"CardHeader","decl":{"start":{"line":18,"column":9},"end":{"line":18,"column":20}},"loc":{"start":{"line":18,"column":74},"end":{"line":29,"column":null}}},"2":{"name":"CardTitle","decl":{"start":{"line":31,"column":9},"end":{"line":31,"column":19}},"loc":{"start":{"line":31,"column":73},"end":{"line":39,"column":null}}},"3":{"name":"CardDescription","decl":{"start":{"line":41,"column":9},"end":{"line":41,"column":25}},"loc":{"start":{"line":41,"column":79},"end":{"line":49,"column":null}}},"4":{"name":"CardAction","decl":{"start":{"line":51,"column":9},"end":{"line":51,"column":20}},"loc":{"start":{"line":51,"column":74},"end":{"line":62,"column":null}}},"5":{"name":"CardContent","decl":{"start":{"line":64,"column":9},"end":{"line":64,"column":21}},"loc":{"start":{"line":64,"column":75},"end":{"line":72,"column":null}}},"6":{"name":"CardFooter","decl":{"start":{"line":74,"column":9},"end":{"line":74,"column":20}},"loc":{"start":{"line":74,"column":74},"end":{"line":82,"column":null}}}},"branchMap":{},"s":{"0":69,"1":17,"2":17,"3":0,"4":0,"5":17,"6":0},"f":{"0":69,"1":17,"2":17,"3":0,"4":0,"5":17,"6":0},"b":{}}
,"C:/Users/brend/IOT653U/frontend/components/ui/checkbox.tsx": {"path":"C:/Users/brend/IOT653U/frontend/components/ui/checkbox.tsx","statementMap":{"0":{"start":{"line":13,"column":2},"end":{"line":28,"column":null}}},"fnMap":{"0":{"name":"Checkbox","decl":{"start":{"line":9,"column":9},"end":{"line":9,"column":18}},"loc":{"start":{"line":12,"column":56},"end":{"line":30,"column":null}}}},"branchMap":{},"s":{"0":136},"f":{"0":136},"b":{}}
,"C:/Users/brend/IOT653U/frontend/components/ui/input.tsx": {"path":"C:/Users/brend/IOT653U/frontend/components/ui/input.tsx","statementMap":{"0":{"start":{"line":6,"column":2},"end":{"line":17,"column":null}}},"fnMap":{"0":{"name":"Input","decl":{"start":{"line":5,"column":9},"end":{"line":5,"column":15}},"loc":{"start":{"line":5,"column":77},"end":{"line":19,"column":null}}}},"branchMap":{},"s":{"0":17},"f":{"0":17},"b":{}}
,"C:/Users/brend/IOT653U/frontend/components/ui/label.tsx": {"path":"C:/Users/brend/IOT653U/frontend/components/ui/label.tsx","statementMap":{"0":{"start":{"line":12,"column":2},"end":{"line":20,"column":null}}},"fnMap":{"0":{"name":"Label","decl":{"start":{"line":8,"column":9},"end":{"line":8,"column":15}},"loc":{"start":{"line":11,"column":53},"end":{"line":22,"column":null}}}},"branchMap":{},"s":{"0":221},"f":{"0":221},"b":{}}
,"C:/Users/brend/IOT653U/frontend/components/ui/slider.tsx": {"path":"C:/Users/brend/IOT653U/frontend/components/ui/slider.tsx","statementMap":{"0":{"start":{"line":16,"column":18},"end":{"line":24,"column":null}},"1":{"start":{"line":18,"column":6},"end":{"line":22,"column":null}},"2":{"start":{"line":26,"column":2},"end":{"line":59,"column":null}},"3":{"start":{"line":53,"column":8},"end":{"line":57,"column":null}}},"fnMap":{"0":{"name":"Slider","decl":{"start":{"line":8,"column":9},"end":{"line":8,"column":16}},"loc":{"start":{"line":15,"column":54},"end":{"line":61,"column":null}}},"1":{"name":"(anonymous_1)","decl":{"start":{"line":17,"column":4},"end":{"line":17,"column":null}},"loc":{"start":{"line":18,"column":6},"end":{"line":22,"column":null}}},"2":{"name":"(anonymous_2)","decl":{"start":{"line":52,"column":46},"end":{"line":52,"column":47}},"loc":{"start":{"line":53,"column":8},"end":{"line":57,"column":null}}}},"branchMap":{"0":{"loc":{"start":{"line":12,"column":2},"end":{"line":12,"column":null}},"type":"default-arg","locations":[{"start":{"line":12,"column":8},"end":{"line":12,"column":null}}]},"1":{"loc":{"start":{"line":13,"column":2},"end":{"line":13,"column":null}},"type":"default-arg","locations":[{"start":{"line":13,"column":8},"end":{"line":13,"column":null}}]},"2":{"loc":{"start":{"line":18,"column":6},"end":{"line":22,"column":null}},"type":"cond-expr","locations":[{"start":{"line":19,"column":10},"end":{"line":19,"column":null}},{"start":{"line":20,"column":10},"end":{"line":22,"column":null}}]},"3":{"loc":{"start":{"line":20,"column":10},"end":{"line":22,"column":null}},"type":"cond-expr","locations":[{"start":{"line":21,"column":12},"end":{"line":21,"column":null}},{"start":{"line":22,"column":12},"end":{"line":22,"column":null}}]}},"s":{"0":34,"1":34,"2":34,"3":34},"f":{"0":34,"1":34,"2":34},"b":{"0":[0],"1":[0],"2":[34,0],"3":[0,0]}}
,"C:/Users/brend/IOT653U/frontend/components/ui/utils.ts": {"path":"C:/Users/brend/IOT653U/frontend/components/ui/utils.ts","statementMap":{"0":{"start":{"line":5,"column":2},"end":{"line":5,"column":null}}},"fnMap":{"0":{"name":"cn","decl":{"start":{"line":4,"column":16},"end":{"line":4,"column":22}},"loc":{"start":{"line":4,"column":44},"end":{"line":6,"column":null}}}},"branchMap":{},"s":{"0":928},"f":{"0":928},"b":{}}
,"C:/Users/brend/IOT653U/frontend/utils/cn.ts": {"path":"C:/Users/brend/IOT653U/frontend/utils/cn.ts","statementMap":{"0":{"start":{"line":5,"column":2},"end":{"line":5,"column":null}}},"fnMap":{"0":{"name":"cn","decl":{"start":{"line":4,"column":16},"end":{"line":4,"column":22}},"loc":{"start":{"line":4,"column":44},"end":{"line":6,"column":null}}}},"branchMap":{},"s":{"0":25},"f":{"0":25},"b":{}}
}
