{"C:\\Users\\brend\\IOT653U\\frontend\\components\\TerminalTransfersPage.tsx": {"path":"C:\\Users\\brend\\IOT653U\\frontend\\components\\TerminalTransfersPage.tsx","statementMap":{"0":{"start":{"line":13,"column":68},"end":{"line":95,"column":null}},"1":{"start":{"line":18,"column":2},"end":{"line":93,"column":null}},"2":{"start":{"line":31,"column":31},"end":{"line":31,"column":null}}},"fnMap":{"0":{"name":"(anonymous_0)","decl":{"start":{"line":13,"column":68},"end":{"line":13,"column":69}},"loc":{"start":{"line":17,"column":6},"end":{"line":95,"column":null}},"line":17},"1":{"name":"(anonymous_1)","decl":{"start":{"line":31,"column":25},"end":{"line":31,"column":31}},"loc":{"start":{"line":31,"column":31},"end":{"line":31,"column":null}},"line":31}},"branchMap":{},"s":{"0":1,"1":8,"2":1},"f":{"0":8,"1":1},"b":{},"meta":{"lastBranch":0,"lastFunction":2,"lastStatement":3,"seen":{"s:13:68:95:Infinity":0,"f:13:68:13:69":0,"s:18:2:93:Infinity":1,"f:31:25:31:31":1,"s:31:31:31:Infinity":2}}}
,"C:\\Users\\brend\\IOT653U\\frontend\\components\\TransfersPage.tsx": {"path":"C:\\Users\\brend\\IOT653U\\frontend\\components\\TransfersPage.tsx","statementMap":{"0":{"start":{"line":20,"column":22},"end":{"line":199,"column":null}},"1":{"start":{"line":29,"column":28},"end":{"line":45,"column":null}},"2":{"start":{"line":47,"column":15},"end":{"line":47,"column":null}},"3":{"start":{"line":49,"column":32},"end":{"line":49,"column":null}},"4":{"start":{"line":51,"column":36},"end":{"line":51,"column":null}},"5":{"start":{"line":52,"column":38},"end":{"line":52,"column":null}},"6":{"start":{"line":55,"column":31},"end":{"line":58,"column":null}},"7":{"start":{"line":56,"column":18},"end":{"line":56,"column":null}},"8":{"start":{"line":57,"column":4},"end":{"line":57,"column":null}},"9":{"start":{"line":60,"column":27},"end":{"line":78,"column":null}},"10":{"start":{"line":64,"column":6},"end":{"line":64,"column":null}},"11":{"start":{"line":68,"column":24},"end":{"line":68,"column":null}},"12":{"start":{"line":69,"column":24},"end":{"line":69,"column":null}},"13":{"start":{"line":70,"column":6},"end":{"line":70,"column":null}},"14":{"start":{"line":74,"column":19},"end":{"line":74,"column":null}},"15":{"start":{"line":75,"column":19},"end":{"line":75,"column":null}},"16":{"start":{"line":76,"column":6},"end":{"line":76,"column":null}},"17":{"start":{"line":80,"column":2},"end":{"line":197,"column":null}},"18":{"start":{"line":95,"column":33},"end":{"line":95,"column":null}},"19":{"start":{"line":96,"column":32},"end":{"line":96,"column":null}},"20":{"start":{"line":104,"column":20},"end":{"line":104,"column":null}},"21":{"start":{"line":105,"column":20},"end":{"line":105,"column":null}},"22":{"start":{"line":106,"column":20},"end":{"line":106,"column":null}},"23":{"start":{"line":114,"column":31},"end":{"line":114,"column":null}},"24":{"start":{"line":121,"column":31},"end":{"line":121,"column":null}},"25":{"start":{"line":128,"column":31},"end":{"line":128,"column":null}},"26":{"start":{"line":143,"column":14},"end":{"line":155,"column":null}},"27":{"start":{"line":146,"column":31},"end":{"line":146,"column":null}},"28":{"start":{"line":153,"column":44},"end":{"line":153,"column":88}}},"fnMap":{"0":{"name":"(anonymous_0)","decl":{"start":{"line":20,"column":22},"end":{"line":20,"column":23}},"loc":{"start":{"line":28,"column":26},"end":{"line":199,"column":null}},"line":28},"1":{"name":"(anonymous_1)","decl":{"start":{"line":55,"column":31},"end":{"line":55,"column":32}},"loc":{"start":{"line":55,"column":61},"end":{"line":58,"column":null}},"line":55},"2":{"name":"(anonymous_2)","decl":{"start":{"line":62,"column":41},"end":{"line":62,"column":42}},"loc":{"start":{"line":62,"column":51},"end":{"line":65,"column":5}},"line":62},"3":{"name":"(anonymous_3)","decl":{"start":{"line":66,"column":40},"end":{"line":66,"column":41}},"loc":{"start":{"line":66,"column":50},"end":{"line":71,"column":5}},"line":66},"4":{"name":"(anonymous_4)","decl":{"start":{"line":72,"column":47},"end":{"line":72,"column":48}},"loc":{"start":{"line":72,"column":57},"end":{"line":77,"column":5}},"line":72},"5":{"name":"(anonymous_5)","decl":{"start":{"line":95,"column":27},"end":{"line":95,"column":33}},"loc":{"start":{"line":95,"column":33},"end":{"line":95,"column":null}},"line":95},"6":{"name":"(anonymous_6)","decl":{"start":{"line":96,"column":26},"end":{"line":96,"column":32}},"loc":{"start":{"line":96,"column":32},"end":{"line":96,"column":null}},"line":96},"7":{"name":"(anonymous_7)","decl":{"start":{"line":103,"column":28},"end":{"line":103,"column":29}},"loc":{"start":{"line":103,"column":41},"end":{"line":107,"column":null}},"line":103},"8":{"name":"(anonymous_8)","decl":{"start":{"line":114,"column":25},"end":{"line":114,"column":31}},"loc":{"start":{"line":114,"column":31},"end":{"line":114,"column":null}},"line":114},"9":{"name":"(anonymous_9)","decl":{"start":{"line":121,"column":25},"end":{"line":121,"column":31}},"loc":{"start":{"line":121,"column":31},"end":{"line":121,"column":null}},"line":121},"10":{"name":"(anonymous_10)","decl":{"start":{"line":128,"column":25},"end":{"line":128,"column":31}},"loc":{"start":{"line":128,"column":31},"end":{"line":128,"column":null}},"line":128},"11":{"name":"(anonymous_11)","decl":{"start":{"line":142,"column":73},"end":{"line":142,"column":74}},"loc":{"start":{"line":143,"column":14},"end":{"line":155,"column":null}},"line":143},"12":{"name":"(anonymous_12)","decl":{"start":{"line":146,"column":25},"end":{"line":146,"column":31}},"loc":{"start":{"line":146,"column":31},"end":{"line":146,"column":null}},"line":146},"13":{"name":"(anonymous_13)","decl":{"start":{"line":153,"column":36},"end":{"line":153,"column":44}},"loc":{"start":{"line":153,"column":44},"end":{"line":153,"column":88}},"line":153}},"branchMap":{"0":{"loc":{"start":{"line":51,"column":49},"end":{"line":51,"column":92}},"type":"binary-expr","locations":[{"start":{"line":51,"column":49},"end":{"line":51,"column":68}},{"start":{"line":51,"column":68},"end":{"line":51,"column":90}},{"start":{"line":51,"column":90},"end":{"line":51,"column":92}}],"line":51},"1":{"loc":{"start":{"line":57,"column":11},"end":{"line":57,"column":null}},"type":"cond-expr","locations":[{"start":{"line":57,"column":19},"end":{"line":57,"column":40}},{"start":{"line":57,"column":40},"end":{"line":57,"column":null}}],"line":57},"2":{"loc":{"start":{"line":74,"column":19},"end":{"line":74,"column":null}},"type":"cond-expr","locations":[{"start":{"line":74,"column":47},"end":{"line":74,"column":55}},{"start":{"line":74,"column":55},"end":{"line":74,"column":null}}],"line":74},"3":{"loc":{"start":{"line":75,"column":19},"end":{"line":75,"column":null}},"type":"cond-expr","locations":[{"start":{"line":75,"column":47},"end":{"line":75,"column":55}},{"start":{"line":75,"column":55},"end":{"line":75,"column":null}}],"line":75},"4":{"loc":{"start":{"line":145,"column":25},"end":{"line":145,"column":null}},"type":"cond-expr","locations":[{"start":{"line":145,"column":45},"end":{"line":145,"column":57}},{"start":{"line":145,"column":57},"end":{"line":145,"column":null}}],"line":145},"5":{"loc":{"start":{"line":148,"column":18},"end":{"line":150,"column":null}},"type":"cond-expr","locations":[{"start":{"line":149,"column":22},"end":{"line":149,"column":null}},{"start":{"line":150,"column":22},"end":{"line":150,"column":null}}],"line":148}},"s":{"0":2,"1":17,"2":17,"3":17,"4":17,"5":17,"6":17,"7":150,"8":150,"9":17,"10":62,"11":75,"12":75,"13":75,"14":62,"15":62,"16":62,"17":17,"18":0,"19":0,"20":0,"21":0,"22":0,"23":1,"24":0,"25":1,"26":68,"27":3,"28":102},"f":{"0":17,"1":150,"2":62,"3":75,"4":62,"5":0,"6":0,"7":0,"8":1,"9":0,"10":1,"11":68,"12":3,"13":102},"b":{"0":[17,2,1],"1":[150,0],"2":[62,0],"3":[62,0],"4":[17,51],"5":[17,51]},"meta":{"lastBranch":6,"lastFunction":14,"lastStatement":29,"seen":{"s:20:22:199:Infinity":0,"f:20:22:20:23":0,"s:29:28:45:Infinity":1,"s:47:15:47:Infinity":2,"s:49:32:49:Infinity":3,"s:51:36:51:Infinity":4,"b:51:49:51:68:51:68:51:90:51:90:51:92":0,"s:52:38:52:Infinity":5,"s:55:31:58:Infinity":6,"f:55:31:55:32":1,"s:56:18:56:Infinity":7,"s:57:4:57:Infinity":8,"b:57:19:57:40:57:40:57:Infinity":1,"s:60:27:78:Infinity":9,"f:62:41:62:42":2,"s:64:6:64:Infinity":10,"f:66:40:66:41":3,"s:68:24:68:Infinity":11,"s:69:24:69:Infinity":12,"s:70:6:70:Infinity":13,"f:72:47:72:48":4,"s:74:19:74:Infinity":14,"b:74:47:74:55:74:55:74:Infinity":2,"s:75:19:75:Infinity":15,"b:75:47:75:55:75:55:75:Infinity":3,"s:76:6:76:Infinity":16,"s:80:2:197:Infinity":17,"f:95:27:95:33":5,"s:95:33:95:Infinity":18,"f:96:26:96:32":6,"s:96:32:96:Infinity":19,"f:103:28:103:29":7,"s:104:20:104:Infinity":20,"s:105:20:105:Infinity":21,"s:106:20:106:Infinity":22,"f:114:25:114:31":8,"s:114:31:114:Infinity":23,"f:121:25:121:31":9,"s:121:31:121:Infinity":24,"f:128:25:128:31":10,"s:128:31:128:Infinity":25,"f:142:73:142:74":11,"s:143:14:155:Infinity":26,"b:145:45:145:57:145:57:145:Infinity":4,"f:146:25:146:31":12,"s:146:31:146:Infinity":27,"b:149:22:149:Infinity:150:22:150:Infinity":5,"f:153:36:153:44":13,"s:153:44:153:88":28}}}
,"C:\\Users\\brend\\IOT653U\\frontend\\components\\layout\\Header.tsx": {"path":"C:\\Users\\brend\\IOT653U\\frontend\\components\\layout\\Header.tsx","statementMap":{"0":{"start":{"line":18,"column":2},"end":{"line":66,"column":null}},"1":{"start":{"line":27,"column":29},"end":{"line":27,"column":null}},"2":{"start":{"line":40,"column":31},"end":{"line":40,"column":null}},"3":{"start":{"line":51,"column":33},"end":{"line":51,"column":null}},"4":{"start":{"line":57,"column":33},"end":{"line":57,"column":null}}},"fnMap":{"0":{"name":"Header","decl":{"start":{"line":13,"column":16},"end":{"line":13,"column":23}},"loc":{"start":{"line":17,"column":27},"end":{"line":68,"column":null}},"line":17},"1":{"name":"(anonymous_1)","decl":{"start":{"line":27,"column":23},"end":{"line":27,"column":29}},"loc":{"start":{"line":27,"column":29},"end":{"line":27,"column":null}},"line":27},"2":{"name":"(anonymous_2)","decl":{"start":{"line":40,"column":25},"end":{"line":40,"column":31}},"loc":{"start":{"line":40,"column":31},"end":{"line":40,"column":null}},"line":40},"3":{"name":"(anonymous_3)","decl":{"start":{"line":51,"column":27},"end":{"line":51,"column":33}},"loc":{"start":{"line":51,"column":33},"end":{"line":51,"column":null}},"line":51},"4":{"name":"(anonymous_4)","decl":{"start":{"line":57,"column":27},"end":{"line":57,"column":33}},"loc":{"start":{"line":57,"column":33},"end":{"line":57,"column":null}},"line":57}},"branchMap":{"0":{"loc":{"start":{"line":37,"column":13},"end":{"line":61,"column":null}},"type":"cond-expr","locations":[{"start":{"line":38,"column":14},"end":{"line":45,"column":null}},{"start":{"line":47,"column":14},"end":{"line":61,"column":null}}],"line":37}},"s":{"0":25,"1":2,"2":0,"3":0,"4":0},"f":{"0":25,"1":2,"2":0,"3":0,"4":0},"b":{"0":[1,24]},"meta":{"lastBranch":1,"lastFunction":5,"lastStatement":5,"seen":{"f:13:16:13:23":0,"s:18:2:66:Infinity":0,"f:27:23:27:29":1,"s:27:29:27:Infinity":1,"b:38:14:45:Infinity:47:14:61:Infinity":0,"f:40:25:40:31":2,"s:40:31:40:Infinity":2,"f:51:27:51:33":3,"s:51:33:51:Infinity":3,"f:57:27:57:33":4,"s:57:33:57:Infinity":4}}}
,"C:\\Users\\brend\\IOT653U\\frontend\\components\\layout\\MainLayout.tsx": {"path":"C:\\Users\\brend\\IOT653U\\frontend\\components\\layout\\MainLayout.tsx","statementMap":{"0":{"start":{"line":18,"column":2},"end":{"line":27,"column":null}}},"fnMap":{"0":{"name":"MainLayout","decl":{"start":{"line":12,"column":16},"end":{"line":12,"column":27}},"loc":{"start":{"line":17,"column":20},"end":{"line":29,"column":null}},"line":17}},"branchMap":{"0":{"loc":{"start":{"line":14,"column":2},"end":{"line":14,"column":null}},"type":"default-arg","locations":[{"start":{"line":14,"column":14},"end":{"line":14,"column":null}}],"line":14}},"s":{"0":25},"f":{"0":25},"b":{"0":[25]},"meta":{"lastBranch":1,"lastFunction":1,"lastStatement":1,"seen":{"f:12:16:12:27":0,"b:14:14:14:Infinity":0,"s:18:2:27:Infinity":0}}}
,"C:\\Users\\brend\\IOT653U\\frontend\\components\\search\\SearchComponents.tsx": {"path":"C:\\Users\\brend\\IOT653U\\frontend\\components\\search\\SearchComponents.tsx","statementMap":{"0":{"start":{"line":13,"column":63},"end":{"line":41,"column":null}},"1":{"start":{"line":19,"column":2},"end":{"line":19,"column":null}},"2":{"start":{"line":19,"column":37},"end":{"line":19,"column":null}},"3":{"start":{"line":21,"column":27},"end":{"line":23,"column":null}},"4":{"start":{"line":22,"column":4},"end":{"line":22,"column":null}},"5":{"start":{"line":25,"column":2},"end":{"line":39,"column":null}},"6":{"start":{"line":28,"column":8},"end":{"line":37,"column":null}},"7":{"start":{"line":31,"column":25},"end":{"line":31,"column":null}},"8":{"start":{"line":51,"column":51},"end":{"line":73,"column":null}},"9":{"start":{"line":58,"column":2},"end":{"line":71,"column":null}},"10":{"start":{"line":64,"column":27},"end":{"line":64,"column":null}},"11":{"start":{"line":81,"column":57},"end":{"line":96,"column":null}},"12":{"start":{"line":86,"column":2},"end":{"line":94,"column":null}}},"fnMap":{"0":{"name":"(anonymous_0)","decl":{"start":{"line":13,"column":63},"end":{"line":13,"column":64}},"loc":{"start":{"line":18,"column":6},"end":{"line":41,"column":null}},"line":18},"1":{"name":"(anonymous_1)","decl":{"start":{"line":21,"column":43},"end":{"line":21,"column":null}},"loc":{"start":{"line":22,"column":4},"end":{"line":22,"column":null}},"line":22},"2":{"name":"(anonymous_2)","decl":{"start":{"line":27,"column":28},"end":{"line":27,"column":29}},"loc":{"start":{"line":28,"column":8},"end":{"line":37,"column":null}},"line":28},"3":{"name":"(anonymous_3)","decl":{"start":{"line":31,"column":19},"end":{"line":31,"column":25}},"loc":{"start":{"line":31,"column":25},"end":{"line":31,"column":null}},"line":31},"4":{"name":"(anonymous_4)","decl":{"start":{"line":51,"column":51},"end":{"line":51,"column":52}},"loc":{"start":{"line":57,"column":6},"end":{"line":73,"column":null}},"line":57},"5":{"name":"(anonymous_5)","decl":{"start":{"line":64,"column":20},"end":{"line":64,"column":21}},"loc":{"start":{"line":64,"column":27},"end":{"line":64,"column":null}},"line":64},"6":{"name":"(anonymous_6)","decl":{"start":{"line":81,"column":57},"end":{"line":81,"column":58}},"loc":{"start":{"line":85,"column":6},"end":{"line":96,"column":null}},"line":85}},"branchMap":{"0":{"loc":{"start":{"line":19,"column":2},"end":{"line":19,"column":null}},"type":"if","locations":[{"start":{"line":19,"column":2},"end":{"line":19,"column":null}},{"start":{},"end":{}}],"line":19},"1":{"loc":{"start":{"line":19,"column":6},"end":{"line":19,"column":37}},"type":"binary-expr","locations":[{"start":{"line":19,"column":6},"end":{"line":19,"column":23}},{"start":{"line":19,"column":23},"end":{"line":19,"column":37}}],"line":19},"2":{"loc":{"start":{"line":59,"column":32},"end":{"line":59,"column":47}},"type":"binary-expr","locations":[{"start":{"line":59,"column":32},"end":{"line":59,"column":45}},{"start":{"line":59,"column":45},"end":{"line":59,"column":47}}],"line":59},"3":{"loc":{"start":{"line":88,"column":84},"end":{"line":88,"column":99}},"type":"binary-expr","locations":[{"start":{"line":88,"column":84},"end":{"line":88,"column":97}},{"start":{"line":88,"column":97},"end":{"line":88,"column":99}}],"line":88}},"s":{"0":2,"1":17,"2":17,"3":0,"4":0,"5":0,"6":0,"7":0,"8":2,"9":17,"10":0,"11":2,"12":0},"f":{"0":17,"1":0,"2":0,"3":0,"4":17,"5":0,"6":0},"b":{"0":[17,0],"1":[17,0],"2":[17,0],"3":[0,0]},"meta":{"lastBranch":4,"lastFunction":7,"lastStatement":13,"seen":{"s:13:63:41:Infinity":0,"f:13:63:13:64":0,"b:19:2:19:Infinity:undefined:undefined:undefined:undefined":0,"s:19:2:19:Infinity":1,"b:19:6:19:23:19:23:19:37":1,"s:19:37:19:Infinity":2,"s:21:27:23:Infinity":3,"f:21:43:21:Infinity":1,"s:22:4:22:Infinity":4,"s:25:2:39:Infinity":5,"f:27:28:27:29":2,"s:28:8:37:Infinity":6,"f:31:19:31:25":3,"s:31:25:31:Infinity":7,"s:51:51:73:Infinity":8,"f:51:51:51:52":4,"s:58:2:71:Infinity":9,"b:59:32:59:45:59:45:59:47":2,"f:64:20:64:21":5,"s:64:27:64:Infinity":10,"s:81:57:96:Infinity":11,"f:81:57:81:58":6,"s:86:2:94:Infinity":12,"b:88:84:88:97:88:97:88:99":3}}}
,"C:\\Users\\brend\\IOT653U\\frontend\\components\\transport\\FilterSidebar.tsx": {"path":"C:\\Users\\brend\\IOT653U\\frontend\\components\\transport\\FilterSidebar.tsx","statementMap":{"0":{"start":{"line":30,"column":27},"end":{"line":35,"column":null}},"1":{"start":{"line":38,"column":30},"end":{"line":46,"column":null}},"2":{"start":{"line":39,"column":4},"end":{"line":45,"column":null}},"3":{"start":{"line":48,"column":22},"end":{"line":56,"column":null}},"4":{"start":{"line":49,"column":4},"end":{"line":55,"column":null}},"5":{"start":{"line":58,"column":24},"end":{"line":63,"column":null}},"6":{"start":{"line":59,"column":4},"end":{"line":62,"column":null}},"7":{"start":{"line":65,"column":25},"end":{"line":70,"column":null}},"8":{"start":{"line":66,"column":4},"end":{"line":69,"column":null}},"9":{"start":{"line":72,"column":2},"end":{"line":197,"column":null}},"10":{"start":{"line":85,"column":27},"end":{"line":85,"column":null}},"11":{"start":{"line":86,"column":14},"end":{"line":99,"column":null}},"12":{"start":{"line":92,"column":22},"end":{"line":92,"column":null}},"13":{"start":{"line":113,"column":48},"end":{"line":113,"column":null}},"14":{"start":{"line":121,"column":48},"end":{"line":121,"column":null}},"15":{"start":{"line":177,"column":18},"end":{"line":177,"column":null}},"16":{"start":{"line":189,"column":18},"end":{"line":189,"column":null}}},"fnMap":{"0":{"name":"FilterSidebar","decl":{"start":{"line":37,"column":16},"end":{"line":37,"column":30}},"loc":{"start":{"line":37,"column":80},"end":{"line":199,"column":null}},"line":37},"1":{"name":"(anonymous_1)","decl":{"start":{"line":38,"column":30},"end":{"line":38,"column":31}},"loc":{"start":{"line":38,"column":95},"end":{"line":46,"column":null}},"line":38},"2":{"name":"(anonymous_2)","decl":{"start":{"line":48,"column":22},"end":{"line":48,"column":23}},"loc":{"start":{"line":48,"column":78},"end":{"line":56,"column":null}},"line":48},"3":{"name":"(anonymous_3)","decl":{"start":{"line":58,"column":24},"end":{"line":58,"column":25}},"loc":{"start":{"line":58,"column":45},"end":{"line":63,"column":null}},"line":58},"4":{"name":"(anonymous_4)","decl":{"start":{"line":65,"column":25},"end":{"line":65,"column":26}},"loc":{"start":{"line":65,"column":46},"end":{"line":70,"column":null}},"line":65},"5":{"name":"(anonymous_5)","decl":{"start":{"line":84,"column":56},"end":{"line":84,"column":57}},"loc":{"start":{"line":84,"column":77},"end":{"line":101,"column":13}},"line":84},"6":{"name":"(anonymous_6)","decl":{"start":{"line":91,"column":37},"end":{"line":91,"column":38}},"loc":{"start":{"line":92,"column":22},"end":{"line":92,"column":null}},"line":92},"7":{"name":"(anonymous_7)","decl":{"start":{"line":113,"column":33},"end":{"line":113,"column":34}},"loc":{"start":{"line":113,"column":48},"end":{"line":113,"column":null}},"line":113},"8":{"name":"(anonymous_8)","decl":{"start":{"line":121,"column":33},"end":{"line":121,"column":34}},"loc":{"start":{"line":121,"column":48},"end":{"line":121,"column":null}},"line":121},"9":{"name":"(anonymous_9)","decl":{"start":{"line":176,"column":33},"end":{"line":176,"column":34}},"loc":{"start":{"line":177,"column":18},"end":{"line":177,"column":null}},"line":177},"10":{"name":"(anonymous_10)","decl":{"start":{"line":188,"column":33},"end":{"line":188,"column":34}},"loc":{"start":{"line":189,"column":18},"end":{"line":189,"column":null}},"line":189}},"branchMap":{"0":{"loc":{"start":{"line":61,"column":15},"end":{"line":61,"column":null}},"type":"binary-expr","locations":[{"start":{"line":61,"column":15},"end":{"line":61,"column":27}},{"start":{"line":61,"column":27},"end":{"line":61,"column":null}}],"line":61},"1":{"loc":{"start":{"line":68,"column":16},"end":{"line":68,"column":null}},"type":"binary-expr","locations":[{"start":{"line":68,"column":16},"end":{"line":68,"column":28}},{"start":{"line":68,"column":28},"end":{"line":68,"column":null}}],"line":68}},"s":{"0":2,"1":17,"2":0,"3":17,"4":0,"5":17,"6":0,"7":17,"8":0,"9":17,"10":68,"11":68,"12":0,"13":0,"14":0,"15":0,"16":0},"f":{"0":17,"1":0,"2":0,"3":0,"4":0,"5":68,"6":0,"7":0,"8":0,"9":0,"10":0},"b":{"0":[0,0],"1":[0,0]},"meta":{"lastBranch":2,"lastFunction":11,"lastStatement":17,"seen":{"s:30:27:35:Infinity":0,"f:37:16:37:30":0,"s:38:30:46:Infinity":1,"f:38:30:38:31":1,"s:39:4:45:Infinity":2,"s:48:22:56:Infinity":3,"f:48:22:48:23":2,"s:49:4:55:Infinity":4,"s:58:24:63:Infinity":5,"f:58:24:58:25":3,"s:59:4:62:Infinity":6,"b:61:15:61:27:61:27:61:Infinity":0,"s:65:25:70:Infinity":7,"f:65:25:65:26":4,"s:66:4:69:Infinity":8,"b:68:16:68:28:68:28:68:Infinity":1,"s:72:2:197:Infinity":9,"f:84:56:84:57":5,"s:85:27:85:Infinity":10,"s:86:14:99:Infinity":11,"f:91:37:91:38":6,"s:92:22:92:Infinity":12,"f:113:33:113:34":7,"s:113:48:113:Infinity":13,"f:121:33:121:34":8,"s:121:48:121:Infinity":14,"f:176:33:176:34":9,"s:177:18:177:Infinity":15,"f:188:33:188:34":10,"s:189:18:189:Infinity":16}}}
,"C:\\Users\\brend\\IOT653U\\frontend\\components\\transport\\MapOverlay.tsx": {"path":"C:\\Users\\brend\\IOT653U\\frontend\\components\\transport\\MapOverlay.tsx","statementMap":{"0":{"start":{"line":11,"column":27},"end":{"line":16,"column":null}},"1":{"start":{"line":18,"column":20},"end":{"line":23,"column":null}},"2":{"start":{"line":26,"column":15},"end":{"line":26,"column":null}},"3":{"start":{"line":27,"column":21},"end":{"line":27,"column":null}},"4":{"start":{"line":29,"column":2},"end":{"line":177,"column":null}}},"fnMap":{"0":{"name":"MapOverlay","decl":{"start":{"line":25,"column":16},"end":{"line":25,"column":27}},"loc":{"start":{"line":25,"column":68},"end":{"line":179,"column":null}},"line":25}},"branchMap":{"0":{"loc":{"start":{"line":79,"column":35},"end":{"line":79,"column":null}},"type":"cond-expr","locations":[{"start":{"line":79,"column":64},"end":{"line":79,"column":70}},{"start":{"line":79,"column":70},"end":{"line":79,"column":null}}],"line":79},"1":{"loc":{"start":{"line":85,"column":19},"end":{"line":87,"column":null}},"type":"cond-expr","locations":[{"start":{"line":85,"column":47},"end":{"line":85,"column":null}},{"start":{"line":86,"column":19},"end":{"line":87,"column":null}}],"line":85},"2":{"loc":{"start":{"line":86,"column":19},"end":{"line":87,"column":null}},"type":"cond-expr","locations":[{"start":{"line":86,"column":46},"end":{"line":86,"column":null}},{"start":{"line":87,"column":19},"end":{"line":87,"column":null}}],"line":86},"3":{"loc":{"start":{"line":87,"column":19},"end":{"line":87,"column":null}},"type":"cond-expr","locations":[{"start":{"line":87,"column":48},"end":{"line":87,"column":55}},{"start":{"line":87,"column":55},"end":{"line":87,"column":null}}],"line":87},"4":{"loc":{"start":{"line":141,"column":17},"end":{"line":145,"column":null}},"type":"binary-expr","locations":[{"start":{"line":141,"column":17},"end":{"line":141,"column":null}},{"start":{"line":142,"column":18},"end":{"line":145,"column":null}}],"line":141},"5":{"loc":{"start":{"line":152,"column":21},"end":{"line":153,"column":null}},"type":"binary-expr","locations":[{"start":{"line":152,"column":21},"end":{"line":152,"column":null}},{"start":{"line":153,"column":22},"end":{"line":153,"column":null}}],"line":152},"6":{"loc":{"start":{"line":155,"column":21},"end":{"line":156,"column":null}},"type":"binary-expr","locations":[{"start":{"line":155,"column":21},"end":{"line":155,"column":null}},{"start":{"line":156,"column":22},"end":{"line":156,"column":null}}],"line":155},"7":{"loc":{"start":{"line":158,"column":21},"end":{"line":159,"column":null}},"type":"binary-expr","locations":[{"start":{"line":158,"column":21},"end":{"line":158,"column":null}},{"start":{"line":159,"column":22},"end":{"line":159,"column":null}}],"line":158}},"s":{"0":2,"1":2,"2":0,"3":0,"4":0},"f":{"0":0},"b":{"0":[0,0],"1":[0,0],"2":[0,0],"3":[0,0],"4":[0,0],"5":[0,0],"6":[0,0],"7":[0,0]},"meta":{"lastBranch":8,"lastFunction":1,"lastStatement":5,"seen":{"s:11:27:16:Infinity":0,"s:18:20:23:Infinity":1,"f:25:16:25:27":0,"s:26:15:26:Infinity":2,"s:27:21:27:Infinity":3,"s:29:2:177:Infinity":4,"b:79:64:79:70:79:70:79:Infinity":0,"b:85:47:85:Infinity:86:19:87:Infinity":1,"b:86:46:86:Infinity:87:19:87:Infinity":2,"b:87:48:87:55:87:55:87:Infinity":3,"b:141:17:141:Infinity:142:18:145:Infinity":4,"b:152:21:152:Infinity:153:22:153:Infinity":5,"b:155:21:155:Infinity:156:22:156:Infinity":6,"b:158:21:158:Infinity:159:22:159:Infinity":7}}}
,"C:\\Users\\brend\\IOT653U\\frontend\\components\\transport\\TransferList.tsx": {"path":"C:\\Users\\brend\\IOT653U\\frontend\\components\\transport\\TransferList.tsx","statementMap":{"0":{"start":{"line":20,"column":46},"end":{"line":20,"column":null}},"1":{"start":{"line":21,"column":22},"end":{"line":21,"column":null}},"2":{"start":{"line":23,"column":2},"end":{"line":58,"column":null}},"3":{"start":{"line":27,"column":23},"end":{"line":27,"column":48}},"4":{"start":{"line":28,"column":23},"end":{"line":28,"column":92}},"5":{"start":{"line":30,"column":26},"end":{"line":30,"column":null}},"6":{"start":{"line":31,"column":12},"end":{"line":31,"column":null}},"7":{"start":{"line":34,"column":28},"end":{"line":34,"column":null}},"8":{"start":{"line":35,"column":12},"end":{"line":35,"column":null}},"9":{"start":{"line":38,"column":12},"end":{"line":38,"column":null}},"10":{"start":{"line":38,"column":67},"end":{"line":38,"column":null}},"11":{"start":{"line":39,"column":29},"end":{"line":39,"column":null}},"12":{"start":{"line":40,"column":12},"end":{"line":40,"column":null}},"13":{"start":{"line":43,"column":12},"end":{"line":47,"column":null}},"14":{"start":{"line":46,"column":31},"end":{"line":46,"column":null}},"15":{"start":{"line":55,"column":25},"end":{"line":55,"column":null}}},"fnMap":{"0":{"name":"TransferList","decl":{"start":{"line":14,"column":16},"end":{"line":14,"column":29}},"loc":{"start":{"line":19,"column":22},"end":{"line":60,"column":null}},"line":19},"1":{"name":"(anonymous_1)","decl":{"start":{"line":27,"column":18},"end":{"line":27,"column":23}},"loc":{"start":{"line":27,"column":23},"end":{"line":27,"column":48}},"line":27},"2":{"name":"(anonymous_2)","decl":{"start":{"line":28,"column":18},"end":{"line":28,"column":23}},"loc":{"start":{"line":28,"column":23},"end":{"line":28,"column":92}},"line":28},"3":{"name":"(anonymous_3)","decl":{"start":{"line":29,"column":18},"end":{"line":29,"column":23}},"loc":{"start":{"line":29,"column":23},"end":{"line":32,"column":11}},"line":29},"4":{"name":"(anonymous_4)","decl":{"start":{"line":33,"column":18},"end":{"line":33,"column":23}},"loc":{"start":{"line":33,"column":23},"end":{"line":36,"column":11}},"line":33},"5":{"name":"(anonymous_5)","decl":{"start":{"line":37,"column":18},"end":{"line":37,"column":23}},"loc":{"start":{"line":37,"column":23},"end":{"line":41,"column":11}},"line":37},"6":{"name":"(anonymous_6)","decl":{"start":{"line":42,"column":15},"end":{"line":42,"column":16}},"loc":{"start":{"line":43,"column":12},"end":{"line":47,"column":null}},"line":43},"7":{"name":"(anonymous_7)","decl":{"start":{"line":46,"column":25},"end":{"line":46,"column":31}},"loc":{"start":{"line":46,"column":31},"end":{"line":46,"column":null}},"line":46},"8":{"name":"(anonymous_8)","decl":{"start":{"line":55,"column":19},"end":{"line":55,"column":25}},"loc":{"start":{"line":55,"column":25},"end":{"line":55,"column":null}},"line":55}},"branchMap":{"0":{"loc":{"start":{"line":21,"column":22},"end":{"line":21,"column":null}},"type":"binary-expr","locations":[{"start":{"line":21,"column":22},"end":{"line":21,"column":67}},{"start":{"line":21,"column":67},"end":{"line":21,"column":null}}],"line":21},"1":{"loc":{"start":{"line":38,"column":12},"end":{"line":38,"column":null}},"type":"if","locations":[{"start":{"line":38,"column":12},"end":{"line":38,"column":null}},{"start":{},"end":{}}],"line":38},"2":{"loc":{"start":{"line":38,"column":16},"end":{"line":38,"column":67}},"type":"binary-expr","locations":[{"start":{"line":38,"column":16},"end":{"line":38,"column":41}},{"start":{"line":38,"column":41},"end":{"line":38,"column":67}}],"line":38},"3":{"loc":{"start":{"line":39,"column":29},"end":{"line":39,"column":null}},"type":"binary-expr","locations":[{"start":{"line":39,"column":29},"end":{"line":39,"column":40}},{"start":{"line":39,"column":40},"end":{"line":39,"column":null}}],"line":39},"4":{"loc":{"start":{"line":40,"column":19},"end":{"line":40,"column":null}},"type":"cond-expr","locations":[{"start":{"line":40,"column":42},"end":{"line":40,"column":54}},{"start":{"line":40,"column":54},"end":{"line":40,"column":null}}],"line":40},"5":{"loc":{"start":{"line":52,"column":7},"end":{"line":56,"column":null}},"type":"binary-expr","locations":[{"start":{"line":52,"column":7},"end":{"line":52,"column":null}},{"start":{"line":53,"column":8},"end":{"line":56,"column":null}}],"line":52}},"s":{"0":17,"1":17,"2":17,"3":58,"4":52,"5":52,"6":52,"7":52,"8":52,"9":52,"10":52,"11":0,"12":52,"13":52,"14":0,"15":0},"f":{"0":17,"1":58,"2":52,"3":52,"4":52,"5":52,"6":52,"7":0,"8":0},"b":{"0":[17,2],"1":[52,0],"2":[52,52],"3":[0,0],"4":[0,0],"5":[17,0]},"meta":{"lastBranch":6,"lastFunction":9,"lastStatement":16,"seen":{"f:14:16:14:29":0,"s:20:46:20:Infinity":0,"s:21:22:21:Infinity":1,"b:21:22:21:67:21:67:21:Infinity":0,"s:23:2:58:Infinity":2,"f:27:18:27:23":1,"s:27:23:27:48":3,"f:28:18:28:23":2,"s:28:23:28:92":4,"f:29:18:29:23":3,"s:30:26:30:Infinity":5,"s:31:12:31:Infinity":6,"f:33:18:33:23":4,"s:34:28:34:Infinity":7,"s:35:12:35:Infinity":8,"f:37:18:37:23":5,"b:38:12:38:Infinity:undefined:undefined:undefined:undefined":1,"s:38:12:38:Infinity":9,"b:38:16:38:41:38:41:38:67":2,"s:38:67:38:Infinity":10,"s:39:29:39:Infinity":11,"b:39:29:39:40:39:40:39:Infinity":3,"s:40:12:40:Infinity":12,"b:40:42:40:54:40:54:40:Infinity":4,"f:42:15:42:16":6,"s:43:12:47:Infinity":13,"f:46:25:46:31":7,"s:46:31:46:Infinity":14,"b:52:7:52:Infinity:53:8:56:Infinity":5,"f:55:19:55:25":8,"s:55:25:55:Infinity":15}}}
,"C:\\Users\\brend\\IOT653U\\frontend\\components\\transport\\TransportCard.tsx": {"path":"C:\\Users\\brend\\IOT653U\\frontend\\components\\transport\\TransportCard.tsx","statementMap":{"0":{"start":{"line":13,"column":25},"end":{"line":21,"column":null}},"1":{"start":{"line":14,"column":2},"end":{"line":20,"column":null}},"2":{"start":{"line":15,"column":18},"end":{"line":15,"column":null}},"3":{"start":{"line":16,"column":16},"end":{"line":16,"column":null}},"4":{"start":{"line":17,"column":17},"end":{"line":17,"column":null}},"5":{"start":{"line":18,"column":19},"end":{"line":18,"column":null}},"6":{"start":{"line":19,"column":13},"end":{"line":19,"column":null}},"7":{"start":{"line":25,"column":59},"end":{"line":96,"column":null}},"8":{"start":{"line":26,"column":2},"end":{"line":94,"column":null}}},"fnMap":{"0":{"name":"(anonymous_0)","decl":{"start":{"line":13,"column":25},"end":{"line":13,"column":26}},"loc":{"start":{"line":13,"column":50},"end":{"line":21,"column":null}},"line":13},"1":{"name":"(anonymous_1)","decl":{"start":{"line":25,"column":59},"end":{"line":25,"column":60}},"loc":{"start":{"line":25,"column":89},"end":{"line":96,"column":null}},"line":25}},"branchMap":{"0":{"loc":{"start":{"line":14,"column":2},"end":{"line":20,"column":null}},"type":"switch","locations":[{"start":{"line":15,"column":4},"end":{"line":15,"column":null}},{"start":{"line":16,"column":4},"end":{"line":16,"column":null}},{"start":{"line":17,"column":4},"end":{"line":17,"column":null}},{"start":{"line":18,"column":4},"end":{"line":18,"column":null}},{"start":{"line":19,"column":4},"end":{"line":19,"column":null}}],"line":14},"1":{"loc":{"start":{"line":36,"column":15},"end":{"line":39,"column":null}},"type":"binary-expr","locations":[{"start":{"line":36,"column":15},"end":{"line":36,"column":null}},{"start":{"line":37,"column":16},"end":{"line":39,"column":null}}],"line":36},"2":{"loc":{"start":{"line":41,"column":15},"end":{"line":44,"column":null}},"type":"binary-expr","locations":[{"start":{"line":41,"column":15},"end":{"line":41,"column":null}},{"start":{"line":42,"column":16},"end":{"line":44,"column":null}}],"line":41},"3":{"loc":{"start":{"line":46,"column":15},"end":{"line":49,"column":null}},"type":"binary-expr","locations":[{"start":{"line":46,"column":15},"end":{"line":46,"column":null}},{"start":{"line":47,"column":16},"end":{"line":49,"column":null}}],"line":46},"4":{"loc":{"start":{"line":59,"column":15},"end":{"line":63,"column":null}},"type":"binary-expr","locations":[{"start":{"line":59,"column":15},"end":{"line":59,"column":null}},{"start":{"line":60,"column":16},"end":{"line":63,"column":null}}],"line":59},"5":{"loc":{"start":{"line":60,"column":54},"end":{"line":60,"column":106}},"type":"cond-expr","locations":[{"start":{"line":60,"column":72},"end":{"line":60,"column":91}},{"start":{"line":60,"column":91},"end":{"line":60,"column":106}}],"line":60},"6":{"loc":{"start":{"line":71,"column":13},"end":{"line":71,"column":null}},"type":"cond-expr","locations":[{"start":{"line":71,"column":37},"end":{"line":71,"column":46}},{"start":{"line":71,"column":46},"end":{"line":71,"column":null}}],"line":71}},"s":{"0":2,"1":52,"2":15,"3":15,"4":7,"5":15,"6":0,"7":2,"8":52},"f":{"0":52,"1":52},"b":{"0":[15,15,7,15,0],"1":[52,22],"2":[52,15],"3":[52,15],"4":[52,52],"5":[22,30],"6":[8,44]},"meta":{"lastBranch":7,"lastFunction":2,"lastStatement":9,"seen":{"s:13:25:21:Infinity":0,"f:13:25:13:26":0,"b:15:4:15:Infinity:16:4:16:Infinity:17:4:17:Infinity:18:4:18:Infinity:19:4:19:Infinity":0,"s:14:2:20:Infinity":1,"s:15:18:15:Infinity":2,"s:16:16:16:Infinity":3,"s:17:17:17:Infinity":4,"s:18:19:18:Infinity":5,"s:19:13:19:Infinity":6,"s:25:59:96:Infinity":7,"f:25:59:25:60":1,"s:26:2:94:Infinity":8,"b:36:15:36:Infinity:37:16:39:Infinity":1,"b:41:15:41:Infinity:42:16:44:Infinity":2,"b:46:15:46:Infinity:47:16:49:Infinity":3,"b:59:15:59:Infinity:60:16:63:Infinity":4,"b:60:72:60:91:60:91:60:106":5,"b:71:37:71:46:71:46:71:Infinity":6}}}
,"C:\\Users\\brend\\IOT653U\\frontend\\components\\ui\\badge.tsx": {"path":"C:\\Users\\brend\\IOT653U\\frontend\\components\\ui\\badge.tsx","statementMap":{"0":{"start":{"line":7,"column":6},"end":{"line":26,"column":null}},"1":{"start":{"line":35,"column":15},"end":{"line":35,"column":null}},"2":{"start":{"line":37,"column":2},"end":{"line":42,"column":null}}},"fnMap":{"0":{"name":"Badge","decl":{"start":{"line":28,"column":9},"end":{"line":28,"column":15}},"loc":{"start":{"line":34,"column":62},"end":{"line":44,"column":null}},"line":34}},"branchMap":{"0":{"loc":{"start":{"line":31,"column":2},"end":{"line":31,"column":null}},"type":"default-arg","locations":[{"start":{"line":31,"column":12},"end":{"line":31,"column":null}}],"line":31},"1":{"loc":{"start":{"line":35,"column":15},"end":{"line":35,"column":null}},"type":"cond-expr","locations":[{"start":{"line":35,"column":25},"end":{"line":35,"column":32}},{"start":{"line":35,"column":32},"end":{"line":35,"column":null}}],"line":35}},"s":{"0":2,"1":52,"2":52},"f":{"0":52},"b":{"0":[52],"1":[0,52]},"meta":{"lastBranch":2,"lastFunction":1,"lastStatement":3,"seen":{"s:7:6:26:Infinity":0,"f:28:9:28:15":0,"b:31:12:31:Infinity":0,"s:35:15:35:Infinity":1,"b:35:25:35:32:35:32:35:Infinity":1,"s:37:2:42:Infinity":2}}}
,"C:\\Users\\brend\\IOT653U\\frontend\\components\\ui\\button.tsx": {"path":"C:\\Users\\brend\\IOT653U\\frontend\\components\\ui\\button.tsx","statementMap":{"0":{"start":{"line":7,"column":6},"end":{"line":35,"column":null}},"1":{"start":{"line":37,"column":15},"end":{"line":54,"column":null}},"2":{"start":{"line":44,"column":15},"end":{"line":44,"column":null}},"3":{"start":{"line":46,"column":2},"end":{"line":52,"column":null}},"4":{"start":{"line":56,"column":0},"end":{"line":56,"column":null}}},"fnMap":{"0":{"name":"(anonymous_0)","decl":{"start":{"line":43,"column":2},"end":{"line":43,"column":3}},"loc":{"start":{"line":43,"column":68},"end":{"line":54,"column":1}},"line":43}},"branchMap":{"0":{"loc":{"start":{"line":43,"column":31},"end":{"line":43,"column":48}},"type":"default-arg","locations":[{"start":{"line":43,"column":41},"end":{"line":43,"column":48}}],"line":43},"1":{"loc":{"start":{"line":44,"column":15},"end":{"line":44,"column":null}},"type":"cond-expr","locations":[{"start":{"line":44,"column":25},"end":{"line":44,"column":32}},{"start":{"line":44,"column":32},"end":{"line":44,"column":null}}],"line":44}},"s":{"0":3,"1":3,"2":280,"3":280,"4":3},"f":{"0":280},"b":{"0":[280],"1":[0,280]},"meta":{"lastBranch":2,"lastFunction":1,"lastStatement":5,"seen":{"s:7:6:35:Infinity":0,"s:37:15:54:Infinity":1,"f:43:2:43:3":0,"b:43:41:43:48":0,"s:44:15:44:Infinity":2,"b:44:25:44:32:44:32:44:Infinity":1,"s:46:2:52:Infinity":3,"s:56:0:56:Infinity":4}}}
,"C:\\Users\\brend\\IOT653U\\frontend\\components\\ui\\card.tsx": {"path":"C:\\Users\\brend\\IOT653U\\frontend\\components\\ui\\card.tsx","statementMap":{"0":{"start":{"line":6,"column":2},"end":{"line":14,"column":null}},"1":{"start":{"line":19,"column":2},"end":{"line":27,"column":null}},"2":{"start":{"line":32,"column":2},"end":{"line":37,"column":null}},"3":{"start":{"line":42,"column":2},"end":{"line":47,"column":null}},"4":{"start":{"line":52,"column":2},"end":{"line":60,"column":null}},"5":{"start":{"line":65,"column":2},"end":{"line":70,"column":null}},"6":{"start":{"line":75,"column":2},"end":{"line":80,"column":null}}},"fnMap":{"0":{"name":"Card","decl":{"start":{"line":5,"column":9},"end":{"line":5,"column":14}},"loc":{"start":{"line":5,"column":68},"end":{"line":16,"column":null}},"line":5},"1":{"name":"CardHeader","decl":{"start":{"line":18,"column":9},"end":{"line":18,"column":20}},"loc":{"start":{"line":18,"column":74},"end":{"line":29,"column":null}},"line":18},"2":{"name":"CardTitle","decl":{"start":{"line":31,"column":9},"end":{"line":31,"column":19}},"loc":{"start":{"line":31,"column":73},"end":{"line":39,"column":null}},"line":31},"3":{"name":"CardDescription","decl":{"start":{"line":41,"column":9},"end":{"line":41,"column":25}},"loc":{"start":{"line":41,"column":79},"end":{"line":49,"column":null}},"line":41},"4":{"name":"CardAction","decl":{"start":{"line":51,"column":9},"end":{"line":51,"column":20}},"loc":{"start":{"line":51,"column":74},"end":{"line":62,"column":null}},"line":51},"5":{"name":"CardContent","decl":{"start":{"line":64,"column":9},"end":{"line":64,"column":21}},"loc":{"start":{"line":64,"column":75},"end":{"line":72,"column":null}},"line":64},"6":{"name":"CardFooter","decl":{"start":{"line":74,"column":9},"end":{"line":74,"column":20}},"loc":{"start":{"line":74,"column":74},"end":{"line":82,"column":null}},"line":74}},"branchMap":{},"s":{"0":69,"1":17,"2":17,"3":0,"4":0,"5":17,"6":0},"f":{"0":69,"1":17,"2":17,"3":0,"4":0,"5":17,"6":0},"b":{},"meta":{"lastBranch":0,"lastFunction":7,"lastStatement":7,"seen":{"f:5:9:5:14":0,"s:6:2:14:Infinity":0,"f:18:9:18:20":1,"s:19:2:27:Infinity":1,"f:31:9:31:19":2,"s:32:2:37:Infinity":2,"f:41:9:41:25":3,"s:42:2:47:Infinity":3,"f:51:9:51:20":4,"s:52:2:60:Infinity":4,"f:64:9:64:21":5,"s:65:2:70:Infinity":5,"f:74:9:74:20":6,"s:75:2:80:Infinity":6}}}
,"C:\\Users\\brend\\IOT653U\\frontend\\components\\ui\\checkbox.tsx": {"path":"C:\\Users\\brend\\IOT653U\\frontend\\components\\ui\\checkbox.tsx","statementMap":{"0":{"start":{"line":13,"column":2},"end":{"line":28,"column":null}}},"fnMap":{"0":{"name":"Checkbox","decl":{"start":{"line":9,"column":9},"end":{"line":9,"column":18}},"loc":{"start":{"line":12,"column":56},"end":{"line":30,"column":null}},"line":12}},"branchMap":{},"s":{"0":136},"f":{"0":136},"b":{},"meta":{"lastBranch":0,"lastFunction":1,"lastStatement":1,"seen":{"f:9:9:9:18":0,"s:13:2:28:Infinity":0}}}
,"C:\\Users\\brend\\IOT653U\\frontend\\components\\ui\\input.tsx": {"path":"C:\\Users\\brend\\IOT653U\\frontend\\components\\ui\\input.tsx","statementMap":{"0":{"start":{"line":6,"column":2},"end":{"line":17,"column":null}}},"fnMap":{"0":{"name":"Input","decl":{"start":{"line":5,"column":9},"end":{"line":5,"column":15}},"loc":{"start":{"line":5,"column":77},"end":{"line":19,"column":null}},"line":5}},"branchMap":{},"s":{"0":17},"f":{"0":17},"b":{},"meta":{"lastBranch":0,"lastFunction":1,"lastStatement":1,"seen":{"f:5:9:5:15":0,"s:6:2:17:Infinity":0}}}
,"C:\\Users\\brend\\IOT653U\\frontend\\components\\ui\\label.tsx": {"path":"C:\\Users\\brend\\IOT653U\\frontend\\components\\ui\\label.tsx","statementMap":{"0":{"start":{"line":12,"column":2},"end":{"line":20,"column":null}}},"fnMap":{"0":{"name":"Label","decl":{"start":{"line":8,"column":9},"end":{"line":8,"column":15}},"loc":{"start":{"line":11,"column":53},"end":{"line":22,"column":null}},"line":11}},"branchMap":{},"s":{"0":221},"f":{"0":221},"b":{},"meta":{"lastBranch":0,"lastFunction":1,"lastStatement":1,"seen":{"f:8:9:8:15":0,"s:12:2:20:Infinity":0}}}
,"C:\\Users\\brend\\IOT653U\\frontend\\components\\ui\\slider.tsx": {"path":"C:\\Users\\brend\\IOT653U\\frontend\\components\\ui\\slider.tsx","statementMap":{"0":{"start":{"line":16,"column":18},"end":{"line":24,"column":null}},"1":{"start":{"line":18,"column":6},"end":{"line":22,"column":null}},"2":{"start":{"line":26,"column":2},"end":{"line":59,"column":null}},"3":{"start":{"line":53,"column":8},"end":{"line":57,"column":null}}},"fnMap":{"0":{"name":"Slider","decl":{"start":{"line":8,"column":9},"end":{"line":8,"column":16}},"loc":{"start":{"line":15,"column":54},"end":{"line":61,"column":null}},"line":15},"1":{"name":"(anonymous_1)","decl":{"start":{"line":17,"column":4},"end":{"line":17,"column":null}},"loc":{"start":{"line":18,"column":6},"end":{"line":22,"column":null}},"line":18},"2":{"name":"(anonymous_2)","decl":{"start":{"line":52,"column":46},"end":{"line":52,"column":47}},"loc":{"start":{"line":53,"column":8},"end":{"line":57,"column":null}},"line":53}},"branchMap":{"0":{"loc":{"start":{"line":12,"column":2},"end":{"line":12,"column":null}},"type":"default-arg","locations":[{"start":{"line":12,"column":8},"end":{"line":12,"column":null}}],"line":12},"1":{"loc":{"start":{"line":13,"column":2},"end":{"line":13,"column":null}},"type":"default-arg","locations":[{"start":{"line":13,"column":8},"end":{"line":13,"column":null}}],"line":13},"2":{"loc":{"start":{"line":18,"column":6},"end":{"line":22,"column":null}},"type":"cond-expr","locations":[{"start":{"line":19,"column":10},"end":{"line":19,"column":null}},{"start":{"line":20,"column":10},"end":{"line":22,"column":null}}],"line":18},"3":{"loc":{"start":{"line":20,"column":10},"end":{"line":22,"column":null}},"type":"cond-expr","locations":[{"start":{"line":21,"column":12},"end":{"line":21,"column":null}},{"start":{"line":22,"column":12},"end":{"line":22,"column":null}}],"line":20}},"s":{"0":34,"1":34,"2":34,"3":34},"f":{"0":34,"1":34,"2":34},"b":{"0":[34],"1":[34],"2":[34,0],"3":[0,0]},"meta":{"lastBranch":4,"lastFunction":3,"lastStatement":4,"seen":{"f:8:9:8:16":0,"b:12:8:12:Infinity":0,"b:13:8:13:Infinity":1,"s:16:18:24:Infinity":0,"f:17:4:17:Infinity":1,"s:18:6:22:Infinity":1,"b:19:10:19:Infinity:20:10:22:Infinity":2,"b:21:12:21:Infinity:22:12:22:Infinity":3,"s:26:2:59:Infinity":2,"f:52:46:52:47":2,"s:53:8:57:Infinity":3}}}
,"C:\\Users\\brend\\IOT653U\\frontend\\components\\ui\\utils.ts": {"path":"C:\\Users\\brend\\IOT653U\\frontend\\components\\ui\\utils.ts","statementMap":{"0":{"start":{"line":5,"column":2},"end":{"line":5,"column":null}}},"fnMap":{"0":{"name":"cn","decl":{"start":{"line":4,"column":16},"end":{"line":4,"column":22}},"loc":{"start":{"line":4,"column":44},"end":{"line":6,"column":null}},"line":4}},"branchMap":{},"s":{"0":928},"f":{"0":928},"b":{},"meta":{"lastBranch":0,"lastFunction":1,"lastStatement":1,"seen":{"f:4:16:4:22":0,"s:5:2:5:Infinity":0}}}
,"C:\\Users\\brend\\IOT653U\\frontend\\utils\\cn.ts": {"path":"C:\\Users\\brend\\IOT653U\\frontend\\utils\\cn.ts","statementMap":{"0":{"start":{"line":5,"column":2},"end":{"line":5,"column":null}}},"fnMap":{"0":{"name":"cn","decl":{"start":{"line":4,"column":16},"end":{"line":4,"column":22}},"loc":{"start":{"line":4,"column":44},"end":{"line":6,"column":null}},"line":4}},"branchMap":{},"s":{"0":25},"f":{"0":25},"b":{},"meta":{"lastBranch":0,"lastFunction":1,"lastStatement":1,"seen":{"f:4:16:4:22":0,"s:5:2:5:Infinity":0}}}
}
